<?xml version="1.0" encoding="UTF-8"?>
<coverage generated="1774735276397" clover="3.2.0">
  <project timestamp="1774735276397" name="All files">
    <metrics statements="1484" coveredstatements="1036" conditionals="1005" coveredconditionals="506" methods="341" coveredmethods="242" elements="2830" coveredelements="1784" complexity="0" loc="1484" ncloc="1484" packages="3" files="11" classes="11"/>
    <package name="src">
      <metrics statements="1119" coveredstatements="718" conditionals="772" coveredconditionals="347" methods="261" coveredmethods="171"/>
      <file name="App.tsx" path="/workspaces/hadith-graph-app/src/App.tsx">
        <metrics statements="504" coveredstatements="269" conditionals="306" coveredconditionals="128" methods="140" coveredmethods="73"/>
        <line num="41" count="1" type="stmt"/>
        <line num="42" count="1" type="stmt"/>
        <line num="43" count="1" type="stmt"/>
        <line num="66" count="11" type="stmt"/>
        <line num="70" count="73" type="stmt"/>
        <line num="74" count="36" type="stmt"/>
        <line num="77" count="36" type="stmt"/>
        <line num="83" count="47" type="stmt"/>
        <line num="84" count="73" type="stmt"/>
        <line num="85" count="73" type="stmt"/>
        <line num="89" count="52" type="cond" truecount="2" falsecount="0"/>
        <line num="93" count="0" type="cond" truecount="0" falsecount="2"/>
        <line num="94" count="0" type="stmt"/>
        <line num="97" count="0" type="stmt"/>
        <line num="98" count="0" type="stmt"/>
        <line num="102" count="1" type="stmt"/>
        <line num="103" count="1" type="stmt"/>
        <line num="104" count="1" type="stmt"/>
        <line num="105" count="1" type="stmt"/>
        <line num="106" count="1" type="stmt"/>
        <line num="107" count="1" type="stmt"/>
        <line num="108" count="1" type="stmt"/>
        <line num="109" count="1" type="stmt"/>
        <line num="110" count="1" type="stmt"/>
        <line num="114" count="0" type="cond" truecount="0" falsecount="4"/>
        <line num="115" count="0" type="stmt"/>
        <line num="117" count="0" type="stmt"/>
        <line num="121" count="42" type="cond" truecount="2" falsecount="0"/>
        <line num="123" count="0" type="cond" truecount="0" falsecount="4"/>
        <line num="131" count="0" type="stmt"/>
        <line num="132" count="0" type="cond" truecount="0" falsecount="5"/>
        <line num="133" count="0" type="stmt"/>
        <line num="136" count="0" type="stmt"/>
        <line num="137" count="0" type="cond" truecount="0" falsecount="4"/>
        <line num="138" count="0" type="stmt"/>
        <line num="141" count="0" type="stmt"/>
        <line num="142" count="0" type="stmt"/>
        <line num="143" count="0" type="stmt"/>
        <line num="145" count="0" type="stmt"/>
        <line num="146" count="0" type="stmt"/>
        <line num="147" count="0" type="stmt"/>
        <line num="149" count="0" type="stmt"/>
        <line num="150" count="0" type="stmt"/>
        <line num="151" count="0" type="cond" truecount="0" falsecount="2"/>
        <line num="155" count="5" type="cond" truecount="1" falsecount="1"/>
        <line num="156" count="0" type="stmt"/>
        <line num="159" count="5" type="stmt"/>
        <line num="160" count="5" type="cond" truecount="3" falsecount="1"/>
        <line num="161" count="0" type="stmt"/>
        <line num="164" count="5" type="cond" truecount="1" falsecount="1"/>
        <line num="168" count="0" type="stmt"/>
        <line num="172" count="116" type="stmt"/>
        <line num="173" count="116" type="stmt"/>
        <line num="174" count="116" type="stmt"/>
        <line num="175" count="116" type="stmt"/>
        <line num="176" count="116" type="stmt"/>
        <line num="177" count="116" type="stmt"/>
        <line num="178" count="116" type="stmt"/>
        <line num="179" count="116" type="stmt"/>
        <line num="180" count="116" type="stmt"/>
        <line num="181" count="116" type="stmt"/>
        <line num="182" count="116" type="stmt"/>
        <line num="183" count="116" type="stmt"/>
        <line num="184" count="116" type="stmt"/>
        <line num="185" count="116" type="cond" truecount="1" falsecount="1"/>
        <line num="186" count="116" type="stmt"/>
        <line num="187" count="116" type="stmt"/>
        <line num="188" count="116" type="stmt"/>
        <line num="190" count="116" type="stmt"/>
        <line num="191" count="116" type="stmt"/>
        <line num="192" count="116" type="stmt"/>
        <line num="193" count="116" type="stmt"/>
        <line num="194" count="116" type="stmt"/>
        <line num="195" count="116" type="stmt"/>
        <line num="196" count="116" type="stmt"/>
        <line num="198" count="116" type="stmt"/>
        <line num="199" count="14" type="stmt"/>
        <line num="209" count="116" type="stmt"/>
        <line num="211" count="116" type="stmt"/>
        <line num="212" count="15" type="cond" truecount="2" falsecount="0"/>
        <line num="215" count="116" type="stmt"/>
        <line num="216" count="10" type="cond" truecount="2" falsecount="0"/>
        <line num="220" count="116" type="stmt"/>
        <line num="221" count="15" type="cond" truecount="2" falsecount="0"/>
        <line num="225" count="116" type="stmt"/>
        <line num="226" count="116" type="stmt"/>
        <line num="227" count="116" type="stmt"/>
        <line num="228" count="9" type="stmt"/>
        <line num="231" count="116" type="stmt"/>
        <line num="232" count="12" type="stmt"/>
        <line num="233" count="12" type="stmt"/>
        <line num="234" count="8" type="stmt"/>
        <line num="235" count="0" type="cond" truecount="0" falsecount="2"/>
        <line num="238" count="12" type="stmt"/>
        <line num="241" count="116" type="stmt"/>
        <line num="242" count="71" type="cond" truecount="2" falsecount="0"/>
        <line num="243" count="27" type="stmt"/>
        <line num="250" count="44" type="cond" truecount="3" falsecount="0"/>
        <line num="253" count="116" type="stmt"/>
        <line num="254" count="6" type="stmt"/>
        <line num="255" count="6" type="stmt"/>
        <line num="256" count="6" type="stmt"/>
        <line num="257" count="6" type="stmt"/>
        <line num="258" count="6" type="stmt"/>
        <line num="259" count="6" type="stmt"/>
        <line num="262" count="116" type="stmt"/>
        <line num="263" count="4" type="stmt"/>
        <line num="264" count="4" type="cond" truecount="1" falsecount="1"/>
        <line num="265" count="4" type="stmt"/>
        <line num="266" count="4" type="stmt"/>
        <line num="267" count="4" type="stmt"/>
        <line num="268" count="4" type="stmt"/>
        <line num="271" count="116" type="stmt"/>
        <line num="272" count="0" type="stmt"/>
        <line num="273" count="0" type="cond" truecount="0" falsecount="2"/>
        <line num="274" count="0" type="stmt"/>
        <line num="275" count="0" type="stmt"/>
        <line num="276" count="0" type="stmt"/>
        <line num="277" count="0" type="stmt"/>
        <line num="280" count="116" type="stmt"/>
        <line num="281" count="7" type="cond" truecount="1" falsecount="1"/>
        <line num="282" count="7" type="stmt"/>
        <line num="285" count="0" type="stmt"/>
        <line num="288" count="116" type="stmt"/>
        <line num="289" count="36" type="stmt"/>
        <line num="290" count="14" type="stmt"/>
        <line num="291" count="14" type="stmt"/>
        <line num="292" count="14" type="cond" truecount="1" falsecount="1"/>
        <line num="296" count="116" type="stmt"/>
        <line num="297" count="10" type="cond" truecount="3" falsecount="1"/>
        <line num="298" count="0" type="stmt"/>
        <line num="302" count="116" type="stmt"/>
        <line num="303" count="38" type="stmt"/>
        <line num="304" count="38" type="stmt"/>
        <line num="305" count="38" type="stmt"/>
        <line num="306" count="38" type="cond" truecount="1" falsecount="1"/>
        <line num="310" count="116" type="stmt"/>
        <line num="311" count="34" type="stmt"/>
        <line num="312" count="34" type="cond" truecount="1" falsecount="1"/>
        <line num="313" count="34" type="stmt"/>
        <line num="315" count="0" type="stmt"/>
        <line num="316" count="0" type="stmt"/>
        <line num="317" count="0" type="cond" truecount="0" falsecount="2"/>
        <line num="321" count="116" type="stmt"/>
        <line num="322" count="15" type="cond" truecount="1" falsecount="1"/>
        <line num="323" count="15" type="stmt"/>
        <line num="326" count="0" type="cond" truecount="0" falsecount="2"/>
        <line num="327" count="0" type="stmt"/>
        <line num="331" count="116" type="stmt"/>
        <line num="332" count="6" type="cond" truecount="2" falsecount="0"/>
        <line num="333" count="5" type="stmt"/>
        <line num="336" count="1" type="stmt"/>
        <line num="337" count="0" type="stmt"/>
        <line num="338" count="0" type="stmt"/>
        <line num="339" count="0" type="cond" truecount="0" falsecount="4"/>
        <line num="340" count="0" type="stmt"/>
        <line num="343" count="0" type="stmt"/>
        <line num="344" count="0" type="stmt"/>
        <line num="346" count="0" type="stmt"/>
        <line num="347" count="0" type="stmt"/>
        <line num="348" count="0" type="stmt"/>
        <line num="355" count="1" type="stmt"/>
        <line num="356" count="0" type="stmt"/>
        <line num="357" count="0" type="stmt"/>
        <line num="360" count="1" type="stmt"/>
        <line num="361" count="1" type="stmt"/>
        <line num="362" count="1" type="stmt"/>
        <line num="364" count="1" type="stmt"/>
        <line num="365" count="1" type="stmt"/>
        <line num="366" count="1" type="stmt"/>
        <line num="367" count="1" type="stmt"/>
        <line num="371" count="116" type="stmt"/>
        <line num="372" count="11" type="stmt"/>
        <line num="373" count="11" type="cond" truecount="1" falsecount="1"/>
        <line num="374" count="0" type="stmt"/>
        <line num="377" count="11" type="stmt"/>
        <line num="378" count="11" type="cond" truecount="2" falsecount="2"/>
        <line num="379" count="0" type="stmt"/>
        <line num="380" count="0" type="stmt"/>
        <line num="381" count="0" type="stmt"/>
        <line num="382" count="0" type="stmt"/>
        <line num="383" count="0" type="stmt"/>
        <line num="386" count="11" type="stmt"/>
        <line num="393" count="116" type="stmt"/>
        <line num="394" count="5" type="stmt"/>
        <line num="395" count="5" type="stmt"/>
        <line num="398" count="116" type="stmt"/>
        <line num="399" count="2" type="stmt"/>
        <line num="400" count="2" type="cond" truecount="1" falsecount="1"/>
        <line num="401" count="0" type="stmt"/>
        <line num="404" count="2" type="stmt"/>
        <line num="405" count="2" type="cond" truecount="1" falsecount="1"/>
        <line num="406" count="0" type="stmt"/>
        <line num="409" count="2" type="stmt"/>
        <line num="410" count="2" type="stmt"/>
        <line num="411" count="2" type="stmt"/>
        <line num="412" count="2" type="stmt"/>
        <line num="413" count="2" type="stmt"/>
        <line num="416" count="116" type="stmt"/>
        <line num="423" count="1" type="stmt"/>
        <line num="431" count="116" type="stmt"/>
        <line num="436" count="0" type="stmt"/>
        <line num="445" count="116" type="stmt"/>
        <line num="454" count="116" type="stmt"/>
        <line num="456" count="0" type="cond" truecount="0" falsecount="4"/>
        <line num="457" count="0" type="stmt"/>
        <line num="459" count="0" type="stmt"/>
        <line num="464" count="116" type="stmt"/>
        <line num="465" count="0" type="cond" truecount="0" falsecount="2"/>
        <line num="466" count="0" type="stmt"/>
        <line num="469" count="0" type="cond" truecount="0" falsecount="2"/>
        <line num="470" count="0" type="stmt"/>
        <line num="473" count="0" type="stmt"/>
        <line num="474" count="0" type="stmt"/>
        <line num="477" count="116" type="stmt"/>
        <line num="478" count="0" type="cond" truecount="0" falsecount="2"/>
        <line num="479" count="0" type="stmt"/>
        <line num="480" count="0" type="stmt"/>
        <line num="483" count="0" type="cond" truecount="0" falsecount="3"/>
        <line num="484" count="0" type="cond" truecount="0" falsecount="4"/>
        <line num="485" count="0" type="stmt"/>
        <line num="486" count="0" type="stmt"/>
        <line num="489" count="0" type="stmt"/>
        <line num="492" count="116" type="stmt"/>
        <line num="493" count="1" type="cond" truecount="6" falsecount="1"/>
        <line num="494" count="0" type="stmt"/>
        <line num="497" count="1" type="stmt"/>
        <line num="498" count="1" type="cond" truecount="1" falsecount="1"/>
        <line num="499" count="0" type="stmt"/>
        <line num="502" count="1" type="stmt"/>
        <line num="509" count="1" type="stmt"/>
        <line num="510" count="1" type="stmt"/>
        <line num="511" count="1" type="stmt"/>
        <line num="514" count="116" type="stmt"/>
        <line num="515" count="0" type="stmt"/>
        <line num="516" count="0" type="cond" truecount="0" falsecount="2"/>
        <line num="517" count="0" type="stmt"/>
        <line num="520" count="0" type="cond" truecount="0" falsecount="2"/>
        <line num="526" count="0" type="cond" truecount="0" falsecount="2"/>
        <line num="527" count="0" type="stmt"/>
        <line num="528" count="0" type="stmt"/>
        <line num="529" count="0" type="stmt"/>
        <line num="530" count="0" type="stmt"/>
        <line num="531" count="0" type="stmt"/>
        <line num="536" count="0" type="stmt"/>
        <line num="539" count="0" type="stmt"/>
        <line num="540" count="0" type="stmt"/>
        <line num="542" count="0" type="stmt"/>
        <line num="543" count="0" type="stmt"/>
        <line num="544" count="0" type="stmt"/>
        <line num="545" count="0" type="cond" truecount="0" falsecount="2"/>
        <line num="546" count="0" type="stmt"/>
        <line num="547" count="0" type="cond" truecount="0" falsecount="2"/>
        <line num="548" count="0" type="stmt"/>
        <line num="551" count="0" type="stmt"/>
        <line num="552" count="0" type="stmt"/>
        <line num="553" count="0" type="stmt"/>
        <line num="559" count="0" type="stmt"/>
        <line num="560" count="0" type="stmt"/>
        <line num="561" count="0" type="stmt"/>
        <line num="564" count="116" type="stmt"/>
        <line num="565" count="5" type="stmt"/>
        <line num="566" count="5" type="cond" truecount="1" falsecount="1"/>
        <line num="567" count="0" type="stmt"/>
        <line num="570" count="5" type="stmt"/>
        <line num="572" count="5" type="stmt"/>
        <line num="573" count="5" type="stmt"/>
        <line num="577" count="116" type="stmt"/>
        <line num="578" count="0" type="stmt"/>
        <line num="581" count="116" type="stmt"/>
        <line num="582" count="0" type="cond" truecount="0" falsecount="2"/>
        <line num="583" count="0" type="stmt"/>
        <line num="586" count="0" type="stmt"/>
        <line num="587" count="0" type="stmt"/>
        <line num="588" count="0" type="stmt"/>
        <line num="589" count="0" type="stmt"/>
        <line num="592" count="116" type="stmt"/>
        <line num="593" count="1" type="cond" truecount="3" falsecount="1"/>
        <line num="594" count="0" type="stmt"/>
        <line num="597" count="1" type="stmt"/>
        <line num="598" count="1" type="stmt"/>
        <line num="599" count="1" type="stmt"/>
        <line num="600" count="1" type="stmt"/>
        <line num="603" count="116" type="stmt"/>
        <line num="604" count="3" type="stmt"/>
        <line num="605" count="3" type="cond" truecount="2" falsecount="0"/>
        <line num="606" count="1" type="stmt"/>
        <line num="609" count="2" type="stmt"/>
        <line num="610" count="2" type="cond" truecount="1" falsecount="1"/>
        <line num="611" count="0" type="stmt"/>
        <line num="614" count="2" type="cond" truecount="3" falsecount="1"/>
        <line num="615" count="0" type="stmt"/>
        <line num="618" count="2" type="stmt"/>
        <line num="619" count="2" type="stmt"/>
        <line num="620" count="2" type="stmt"/>
        <line num="621" count="2" type="stmt"/>
        <line num="622" count="2" type="stmt"/>
        <line num="631" count="116" type="stmt"/>
        <line num="632" count="3" type="cond" truecount="3" falsecount="1"/>
        <line num="633" count="0" type="stmt"/>
        <line num="636" count="3" type="cond" truecount="3" falsecount="0"/>
        <line num="637" count="3" type="cond" truecount="5" falsecount="0"/>
        <line num="638" count="2" type="stmt"/>
        <line num="639" count="2" type="stmt"/>
        <line num="640" count="2" type="stmt"/>
        <line num="643" count="1" type="cond" truecount="4" falsecount="1"/>
        <line num="644" count="0" type="cond" truecount="0" falsecount="2"/>
        <line num="645" count="0" type="stmt"/>
        <line num="646" count="0" type="cond" truecount="0" falsecount="4"/>
        <line num="647" count="0" type="stmt"/>
        <line num="648" count="0" type="stmt"/>
        <line num="649" count="0" type="stmt"/>
        <line num="653" count="1" type="stmt"/>
        <line num="665" count="116" type="stmt"/>
        <line num="666" count="0" type="cond" truecount="0" falsecount="2"/>
        <line num="667" count="0" type="stmt"/>
        <line num="670" count="0" type="stmt"/>
        <line num="671" count="0" type="stmt"/>
        <line num="672" count="0" type="stmt"/>
        <line num="673" count="0" type="stmt"/>
        <line num="676" count="116" type="stmt"/>
        <line num="677" count="0" type="cond" truecount="0" falsecount="2"/>
        <line num="678" count="0" type="stmt"/>
        <line num="681" count="0" type="stmt"/>
        <line num="682" count="0" type="cond" truecount="0" falsecount="2"/>
        <line num="683" count="0" type="stmt"/>
        <line num="684" count="0" type="stmt"/>
        <line num="685" count="0" type="stmt"/>
        <line num="686" count="0" type="stmt"/>
        <line num="687" count="0" type="stmt"/>
        <line num="690" count="116" type="stmt"/>
        <line num="691" count="1" type="stmt"/>
        <line num="692" count="1" type="stmt"/>
        <line num="693" count="1" type="stmt"/>
        <line num="696" count="116" type="stmt"/>
        <line num="697" count="0" type="stmt"/>
        <line num="700" count="116" type="stmt"/>
        <line num="701" count="4" type="stmt"/>
        <line num="702" count="4" type="stmt"/>
        <line num="703" count="4" type="stmt"/>
        <line num="704" count="4" type="stmt"/>
        <line num="705" count="4" type="stmt"/>
        <line num="708" count="116" type="stmt"/>
        <line num="709" count="0" type="stmt"/>
        <line num="710" count="0" type="stmt"/>
        <line num="715" count="0" type="stmt"/>
        <line num="716" count="0" type="cond" truecount="0" falsecount="2"/>
        <line num="717" count="0" type="stmt"/>
        <line num="720" count="0" type="stmt"/>
        <line num="731" count="116" type="stmt"/>
        <line num="732" count="5" type="stmt"/>
        <line num="733" count="5" type="stmt"/>
        <line num="734" count="5" type="cond" truecount="1" falsecount="1"/>
        <line num="735" count="0" type="stmt"/>
        <line num="738" count="5" type="stmt"/>
        <line num="739" count="5" type="stmt"/>
        <line num="741" count="5" type="cond" truecount="2" falsecount="0"/>
        <line num="742" count="1" type="cond" truecount="1" falsecount="1"/>
        <line num="743" count="1" type="stmt"/>
        <line num="746" count="4" type="cond" truecount="1" falsecount="1"/>
        <line num="747" count="0" type="stmt"/>
        <line num="750" count="4" type="stmt"/>
        <line num="753" count="116" type="stmt"/>
        <line num="754" count="0" type="stmt"/>
        <line num="755" count="0" type="cond" truecount="0" falsecount="2"/>
        <line num="756" count="0" type="cond" truecount="0" falsecount="2"/>
        <line num="757" count="0" type="stmt"/>
        <line num="760" count="0" type="cond" truecount="0" falsecount="2"/>
        <line num="761" count="0" type="stmt"/>
        <line num="764" count="0" type="stmt"/>
        <line num="770" count="116" type="stmt"/>
        <line num="771" count="52" type="cond" truecount="2" falsecount="0"/>
        <line num="774" count="116" type="stmt"/>
        <line num="775" count="0" type="stmt"/>
        <line num="776" count="0" type="cond" truecount="0" falsecount="2"/>
        <line num="777" count="0" type="stmt"/>
        <line num="780" count="0" type="stmt"/>
        <line num="781" count="0" type="stmt"/>
        <line num="782" count="0" type="cond" truecount="0" falsecount="2"/>
        <line num="783" count="0" type="stmt"/>
        <line num="787" count="116" type="stmt"/>
        <line num="788" count="0" type="stmt"/>
        <line num="789" count="0" type="cond" truecount="0" falsecount="2"/>
        <line num="790" count="0" type="stmt"/>
        <line num="801" count="0" type="stmt"/>
        <line num="804" count="0" type="stmt"/>
        <line num="807" count="116" type="stmt"/>
        <line num="808" count="0" type="cond" truecount="0" falsecount="2"/>
        <line num="809" count="0" type="stmt"/>
        <line num="810" count="0" type="stmt"/>
        <line num="813" count="0" type="stmt"/>
        <line num="814" count="0" type="cond" truecount="0" falsecount="2"/>
        <line num="815" count="0" type="stmt"/>
        <line num="816" count="0" type="stmt"/>
        <line num="819" count="0" type="stmt"/>
        <line num="820" count="0" type="stmt"/>
        <line num="823" count="116" type="stmt"/>
        <line num="824" count="0" type="cond" truecount="0" falsecount="2"/>
        <line num="825" count="0" type="stmt"/>
        <line num="826" count="0" type="stmt"/>
        <line num="829" count="0" type="stmt"/>
        <line num="830" count="0" type="cond" truecount="0" falsecount="2"/>
        <line num="831" count="0" type="stmt"/>
        <line num="832" count="0" type="stmt"/>
        <line num="835" count="0" type="stmt"/>
        <line num="836" count="0" type="stmt"/>
        <line num="837" count="0" type="cond" truecount="0" falsecount="2"/>
        <line num="840" count="0" type="cond" truecount="0" falsecount="2"/>
        <line num="846" count="0" type="cond" truecount="0" falsecount="2"/>
        <line num="847" count="0" type="stmt"/>
        <line num="854" count="0" type="stmt"/>
        <line num="855" count="0" type="stmt"/>
        <line num="856" count="0" type="cond" truecount="0" falsecount="2"/>
        <line num="861" count="116" type="stmt"/>
        <line num="862" count="0" type="stmt"/>
        <line num="863" count="0" type="cond" truecount="0" falsecount="2"/>
        <line num="864" count="0" type="stmt"/>
        <line num="868" count="116" type="stmt"/>
        <line num="869" count="0" type="stmt"/>
        <line num="870" count="0" type="stmt"/>
        <line num="871" count="0" type="stmt"/>
        <line num="872" count="0" type="stmt"/>
        <line num="875" count="116" type="stmt"/>
        <line num="876" count="1" type="stmt"/>
        <line num="879" count="116" type="stmt"/>
        <line num="880" count="0" type="stmt"/>
        <line num="881" count="0" type="cond" truecount="0" falsecount="2"/>
        <line num="882" count="0" type="stmt"/>
        <line num="885" count="0" type="stmt"/>
        <line num="886" count="0" type="cond" truecount="0" falsecount="2"/>
        <line num="890" count="116" type="stmt"/>
        <line num="891" count="2" type="stmt"/>
        <line num="893" count="2" type="cond" truecount="2" falsecount="0"/>
        <line num="894" count="1" type="stmt"/>
        <line num="895" count="1" type="cond" truecount="1" falsecount="1"/>
        <line num="896" count="0" type="cond" truecount="0" falsecount="2"/>
        <line num="897" count="0" type="stmt"/>
        <line num="900" count="1" type="stmt"/>
        <line num="901" count="1" type="stmt"/>
        <line num="902" count="1" type="cond" truecount="1" falsecount="1"/>
        <line num="903" count="1" type="stmt"/>
        <line num="906" count="1" type="cond" truecount="3" falsecount="1"/>
        <line num="907" count="1" type="stmt"/>
        <line num="910" count="1" type="stmt"/>
        <line num="911" count="1" type="stmt"/>
        <line num="914" count="1" type="stmt"/>
        <line num="915" count="1" type="cond" truecount="1" falsecount="1"/>
        <line num="916" count="0" type="cond" truecount="0" falsecount="2"/>
        <line num="917" count="0" type="stmt"/>
        <line num="920" count="1" type="stmt"/>
        <line num="921" count="1" type="stmt"/>
        <line num="923" count="1" type="cond" truecount="3" falsecount="1"/>
        <line num="924" count="1" type="stmt"/>
        <line num="925" count="1" type="stmt"/>
        <line num="926" count="1" type="stmt"/>
        <line num="929" count="0" type="stmt"/>
        <line num="932" count="116" type="stmt"/>
        <line num="933" count="1" type="cond" truecount="1" falsecount="1"/>
        <line num="934" count="0" type="stmt"/>
        <line num="937" count="1" type="cond" truecount="1" falsecount="1"/>
        <line num="938" count="0" type="stmt"/>
        <line num="941" count="1" type="stmt"/>
        <line num="942" count="1" type="cond" truecount="1" falsecount="1"/>
        <line num="943" count="0" type="cond" truecount="0" falsecount="2"/>
        <line num="944" count="0" type="stmt"/>
        <line num="947" count="1" type="stmt"/>
        <line num="948" count="1" type="stmt"/>
        <line num="949" count="1" type="stmt"/>
        <line num="950" count="1" type="stmt"/>
        <line num="951" count="1" type="stmt"/>
        <line num="954" count="116" type="cond" truecount="2" falsecount="0"/>
        <line num="957" count="116" type="stmt"/>
        <line num="962" count="348" type="stmt"/>
        <line num="965" count="116" type="stmt"/>
        <line num="993" count="197" type="stmt"/>
        <line num="999" count="31" type="stmt"/>
        <line num="1005" count="0" type="stmt"/>
        <line num="1022" count="26" type="stmt"/>
        <line num="1041" count="0" type="stmt"/>
        <line num="1045" count="0" type="stmt"/>
        <line num="1059" count="0" type="stmt"/>
        <line num="1068" count="0" type="stmt"/>
        <line num="1076" count="1508" type="stmt"/>
        <line num="1080" count="0" type="stmt"/>
        <line num="1109" count="0" type="stmt"/>
        <line num="1110" count="0" type="stmt"/>
        <line num="1111" count="0" type="cond" truecount="0" falsecount="2"/>
        <line num="1112" count="0" type="stmt"/>
        <line num="1115" count="0" type="stmt"/>
        <line num="1117" count="0" type="stmt"/>
        <line num="1122" count="0" type="stmt"/>
        <line num="1137" count="0" type="stmt"/>
        <line num="1161" count="0" type="stmt"/>
        <line num="1168" count="0" type="stmt"/>
        <line num="1210" count="0" type="cond" truecount="0" falsecount="2"/>
        <line num="1223" count="0" type="stmt"/>
        <line num="1234" count="0" type="stmt"/>
        <line num="1242" count="0" type="stmt"/>
        <line num="1251" count="0" type="stmt"/>
        <line num="1279" count="73" type="stmt"/>
        <line num="1281" count="73" type="stmt"/>
        <line num="1287" count="0" type="stmt"/>
        <line num="1300" count="1" type="stmt"/>
        <line num="1301" count="0" type="stmt"/>
      </file>
      <file name="bundle.ts" path="/workspaces/hadith-graph-app/src/bundle.ts">
        <metrics statements="188" coveredstatements="137" conditionals="163" coveredconditionals="74" methods="44" coveredmethods="36"/>
        <line num="19" count="3" type="stmt"/>
        <line num="20" count="3" type="stmt"/>
        <line num="21" count="3" type="stmt"/>
        <line num="24" count="21" type="stmt"/>
        <line num="28" count="2" type="cond" truecount="3" falsecount="1"/>
        <line num="29" count="2" type="stmt"/>
        <line num="31" count="0" type="stmt"/>
        <line num="35" count="40" type="stmt"/>
        <line num="39" count="18" type="stmt"/>
        <line num="42" count="18" type="stmt"/>
        <line num="48" count="4" type="stmt"/>
        <line num="49" count="8" type="stmt"/>
        <line num="50" count="8" type="stmt"/>
        <line num="54" count="34" type="cond" truecount="2" falsecount="0"/>
        <line num="58" count="5" type="cond" truecount="1" falsecount="1"/>
        <line num="59" count="0" type="stmt"/>
        <line num="62" count="5" type="cond" truecount="1" falsecount="1"/>
        <line num="63" count="0" type="stmt"/>
        <line num="66" count="5" type="stmt"/>
        <line num="67" count="5" type="stmt"/>
        <line num="68" count="6" type="cond" truecount="1" falsecount="1"/>
        <line num="69" count="0" type="stmt"/>
        <line num="72" count="6" type="stmt"/>
        <line num="73" count="6" type="stmt"/>
        <line num="74" count="6" type="cond" truecount="5" falsecount="1"/>
        <line num="75" count="0" type="stmt"/>
        <line num="78" count="6" type="stmt"/>
        <line num="81" count="5" type="stmt"/>
        <line num="85" count="5" type="cond" truecount="1" falsecount="1"/>
        <line num="86" count="0" type="stmt"/>
        <line num="89" count="5" type="cond" truecount="1" falsecount="1"/>
        <line num="90" count="0" type="stmt"/>
        <line num="93" count="5" type="stmt"/>
        <line num="94" count="5" type="stmt"/>
        <line num="95" count="0" type="cond" truecount="0" falsecount="4"/>
        <line num="96" count="0" type="stmt"/>
        <line num="98" count="0" type="stmt"/>
        <line num="101" count="5" type="stmt"/>
        <line num="105" count="10" type="stmt"/>
        <line num="107" count="10" type="stmt"/>
        <line num="108" count="6" type="cond" truecount="1" falsecount="1"/>
        <line num="109" count="0" type="stmt"/>
        <line num="110" count="0" type="stmt"/>
        <line num="113" count="6" type="stmt"/>
        <line num="116" count="10" type="stmt"/>
        <line num="120" count="5" type="cond" truecount="1" falsecount="1"/>
        <line num="121" count="0" type="stmt"/>
        <line num="129" count="5" type="cond" truecount="1" falsecount="1"/>
        <line num="130" count="0" type="stmt"/>
        <line num="133" count="5" type="stmt"/>
        <line num="137" count="5" type="stmt"/>
        <line num="142" count="5" type="stmt"/>
        <line num="148" count="5" type="cond" truecount="1" falsecount="1"/>
        <line num="149" count="0" type="stmt"/>
        <line num="152" count="5" type="cond" truecount="1" falsecount="1"/>
        <line num="153" count="0" type="stmt"/>
        <line num="156" count="5" type="stmt"/>
        <line num="157" count="0" type="cond" truecount="0" falsecount="2"/>
        <line num="158" count="0" type="stmt"/>
        <line num="161" count="0" type="stmt"/>
        <line num="168" count="5" type="stmt"/>
        <line num="174" count="11" type="stmt"/>
        <line num="175" count="11" type="stmt"/>
        <line num="176" count="11" type="stmt"/>
        <line num="177" count="22" type="stmt"/>
        <line num="179" count="11" type="stmt"/>
        <line num="183" count="4" type="stmt"/>
        <line num="185" count="4" type="stmt"/>
        <line num="186" count="4" type="stmt"/>
        <line num="187" count="4" type="stmt"/>
        <line num="188" count="4" type="stmt"/>
        <line num="191" count="4" type="stmt"/>
        <line num="195" count="3" type="cond" truecount="2" falsecount="0"/>
        <line num="196" count="1" type="stmt"/>
        <line num="199" count="2" type="stmt"/>
        <line num="200" count="2" type="cond" truecount="1" falsecount="1"/>
        <line num="204" count="12" type="stmt"/>
        <line num="205" count="12" type="stmt"/>
        <line num="206" count="0" type="cond" truecount="0" falsecount="2"/>
        <line num="207" count="0" type="stmt"/>
        <line num="210" count="12" type="stmt"/>
        <line num="217" count="6" type="cond" truecount="1" falsecount="1"/>
        <line num="218" count="0" type="stmt"/>
        <line num="224" count="6" type="stmt"/>
        <line num="225" count="6" type="stmt"/>
        <line num="226" count="12" type="stmt"/>
        <line num="229" count="6" type="stmt"/>
        <line num="246" count="4" type="stmt"/>
        <line num="247" count="4" type="stmt"/>
        <line num="249" count="4" type="cond" truecount="1" falsecount="1"/>
        <line num="250" count="0" type="stmt"/>
        <line num="253" count="4" type="cond" truecount="1" falsecount="1"/>
        <line num="254" count="0" type="stmt"/>
        <line num="257" count="4" type="stmt"/>
        <line num="260" count="0" type="stmt"/>
        <line num="265" count="0" type="stmt"/>
        <line num="267" count="0" type="stmt"/>
        <line num="268" count="0" type="stmt"/>
        <line num="272" count="13" type="stmt"/>
        <line num="273" count="13" type="stmt"/>
        <line num="295" count="0" type="stmt"/>
        <line num="304" count="2" type="stmt"/>
        <line num="305" count="2" type="cond" truecount="4" falsecount="1"/>
        <line num="306" count="0" type="cond" truecount="0" falsecount="2"/>
        <line num="309" count="2" type="stmt"/>
        <line num="317" count="2" type="stmt"/>
        <line num="318" count="2" type="stmt"/>
        <line num="319" count="2" type="cond" truecount="1" falsecount="1"/>
        <line num="320" count="0" type="stmt"/>
        <line num="325" count="2" type="stmt"/>
        <line num="338" count="2" type="stmt"/>
        <line num="339" count="2" type="cond" truecount="1" falsecount="1"/>
        <line num="340" count="0" type="stmt"/>
        <line num="343" count="2" type="stmt"/>
        <line num="344" count="2" type="cond" truecount="4" falsecount="1"/>
        <line num="345" count="0" type="cond" truecount="0" falsecount="2"/>
        <line num="348" count="2" type="stmt"/>
        <line num="355" count="2" type="cond" truecount="1" falsecount="1"/>
        <line num="356" count="2" type="stmt"/>
        <line num="357" count="2" type="cond" truecount="1" falsecount="1"/>
        <line num="358" count="0" type="cond" truecount="0" falsecount="2"/>
        <line num="361" count="2" type="stmt"/>
        <line num="371" count="2" type="stmt"/>
        <line num="372" count="2" type="cond" truecount="1" falsecount="1"/>
        <line num="373" count="0" type="stmt"/>
        <line num="376" count="2" type="stmt"/>
        <line num="377" count="2" type="stmt"/>
        <line num="378" count="2" type="cond" truecount="1" falsecount="1"/>
        <line num="379" count="0" type="cond" truecount="0" falsecount="2"/>
        <line num="382" count="2" type="stmt"/>
        <line num="389" count="8" type="stmt"/>
        <line num="390" count="8" type="stmt"/>
        <line num="392" count="2" type="stmt"/>
        <line num="395" count="6" type="cond" truecount="1" falsecount="1"/>
        <line num="396" count="0" type="stmt"/>
        <line num="399" count="6" type="cond" truecount="2" falsecount="0"/>
        <line num="400" count="1" type="stmt"/>
        <line num="403" count="5" type="cond" truecount="1" falsecount="1"/>
        <line num="404" count="0" type="stmt"/>
        <line num="407" count="5" type="cond" truecount="1" falsecount="1"/>
        <line num="408" count="0" type="stmt"/>
        <line num="411" count="5" type="stmt"/>
        <line num="412" count="5" type="cond" truecount="1" falsecount="1"/>
        <line num="413" count="0" type="cond" truecount="0" falsecount="2"/>
        <line num="416" count="5" type="stmt"/>
        <line num="417" count="5" type="stmt"/>
        <line num="418" count="5" type="stmt"/>
        <line num="419" count="7" type="stmt"/>
        <line num="420" count="7" type="cond" truecount="1" falsecount="1"/>
        <line num="421" count="0" type="stmt"/>
        <line num="424" count="7" type="stmt"/>
        <line num="425" count="7" type="stmt"/>
        <line num="427" count="7" type="cond" truecount="1" falsecount="1"/>
        <line num="428" count="0" type="stmt"/>
        <line num="431" count="7" type="stmt"/>
        <line num="432" count="14" type="stmt"/>
        <line num="433" count="14" type="stmt"/>
        <line num="434" count="14" type="stmt"/>
        <line num="436" count="7" type="cond" truecount="1" falsecount="1"/>
        <line num="437" count="0" type="stmt"/>
        <line num="440" count="7" type="cond" truecount="3" falsecount="1"/>
        <line num="441" count="0" type="stmt"/>
        <line num="444" count="7" type="stmt"/>
        <line num="445" count="7" type="cond" truecount="1" falsecount="1"/>
        <line num="447" count="0" type="cond" truecount="0" falsecount="2"/>
        <line num="448" count="0" type="stmt"/>
        <line num="451" count="0" type="stmt"/>
        <line num="460" count="7" type="stmt"/>
        <line num="467" count="7" type="stmt"/>
        <line num="470" count="7" type="cond" truecount="1" falsecount="1"/>
        <line num="471" count="0" type="stmt"/>
        <line num="474" count="5" type="stmt"/>
        <line num="475" count="5" type="cond" truecount="1" falsecount="1"/>
        <line num="476" count="0" type="cond" truecount="0" falsecount="2"/>
        <line num="479" count="5" type="stmt"/>
        <line num="480" count="5" type="cond" truecount="1" falsecount="1"/>
        <line num="481" count="0" type="cond" truecount="0" falsecount="2"/>
        <line num="484" count="5" type="stmt"/>
        <line num="485" count="5" type="cond" truecount="1" falsecount="1"/>
        <line num="486" count="0" type="cond" truecount="0" falsecount="2"/>
        <line num="489" count="5" type="cond" truecount="1" falsecount="1"/>
        <line num="490" count="8" type="cond" truecount="1" falsecount="1"/>
        <line num="491" count="8" type="cond" truecount="1" falsecount="1"/>
        <line num="493" count="8" type="stmt"/>
        <line num="510" count="6" type="stmt"/>
        <line num="514" count="1" type="stmt"/>
        <line num="518" count="1" type="cond" truecount="1" falsecount="1"/>
        <line num="519" count="1" type="stmt"/>
      </file>
      <file name="graph.ts" path="/workspaces/hadith-graph-app/src/graph.ts">
        <metrics statements="371" coveredstatements="297" conditionals="251" coveredconditionals="135" methods="67" coveredmethods="59"/>
        <line num="13" count="4" type="stmt"/>
        <line num="14" count="4" type="stmt"/>
        <line num="15" count="4" type="stmt"/>
        <line num="17" count="4" type="stmt"/>
        <line num="18" count="4" type="stmt"/>
        <line num="19" count="4" type="stmt"/>
        <line num="21" count="4" type="stmt"/>
        <line num="22" count="4" type="stmt"/>
        <line num="23" count="4" type="stmt"/>
        <line num="24" count="4" type="stmt"/>
        <line num="25" count="4" type="stmt"/>
        <line num="26" count="4" type="stmt"/>
        <line num="27" count="4" type="stmt"/>
        <line num="28" count="4" type="stmt"/>
        <line num="29" count="4" type="stmt"/>
        <line num="30" count="4" type="stmt"/>
        <line num="33" count="46" type="cond" truecount="1" falsecount="1"/>
        <line num="34" count="0" type="stmt"/>
        <line num="37" count="46" type="stmt"/>
        <line num="41" count="18" type="stmt"/>
        <line num="48" count="32" type="stmt"/>
        <line num="52" count="16" type="stmt"/>
        <line num="56" count="18" type="stmt"/>
        <line num="60" count="63" type="stmt"/>
        <line num="64" count="63" type="stmt"/>
        <line num="71" count="110" type="cond" truecount="1" falsecount="1"/>
        <line num="72" count="110" type="cond" truecount="2" falsecount="0"/>
        <line num="78" count="16" type="stmt"/>
        <line num="82" count="20" type="cond" truecount="1" falsecount="1"/>
        <line num="83" count="20" type="cond" truecount="1" falsecount="1"/>
        <line num="84" count="20" type="stmt"/>
        <line num="88" count="0" type="stmt"/>
        <line num="89" count="0" type="stmt"/>
        <line num="90" count="0" type="stmt"/>
        <line num="92" count="0" type="stmt"/>
        <line num="98" count="208" type="cond" truecount="2" falsecount="0"/>
        <line num="99" count="206" type="stmt"/>
        <line num="102" count="2" type="cond" truecount="1" falsecount="1"/>
        <line num="103" count="0" type="stmt"/>
        <line num="104" count="0" type="stmt"/>
        <line num="107" count="2" type="stmt"/>
        <line num="108" count="2" type="stmt"/>
        <line num="109" count="2" type="cond" truecount="1" falsecount="1"/>
        <line num="110" count="2" type="stmt"/>
        <line num="113" count="2" type="stmt"/>
        <line num="117" count="208" type="stmt"/>
        <line num="118" count="208" type="cond" truecount="1" falsecount="1"/>
        <line num="119" count="0" type="stmt"/>
        <line num="122" count="208" type="stmt"/>
        <line num="123" count="208" type="stmt"/>
        <line num="127" count="32" type="stmt"/>
        <line num="128" count="0" type="stmt"/>
        <line num="129" count="0" type="stmt"/>
        <line num="131" count="0" type="stmt"/>
        <line num="132" count="0" type="stmt"/>
        <line num="133" count="0" type="cond" truecount="0" falsecount="4"/>
        <line num="134" count="0" type="stmt"/>
        <line num="135" count="0" type="stmt"/>
        <line num="137" count="0" type="stmt"/>
        <line num="141" count="0" type="cond" truecount="0" falsecount="2"/>
        <line num="142" count="0" type="stmt"/>
        <line num="145" count="0" type="stmt"/>
        <line num="148" count="32" type="stmt"/>
        <line num="149" count="40" type="stmt"/>
        <line num="150" count="32" type="cond" truecount="1" falsecount="1"/>
        <line num="151" count="0" type="stmt"/>
        <line num="154" count="32" type="stmt"/>
        <line num="155" count="32" type="stmt"/>
        <line num="157" count="32" type="stmt"/>
        <line num="158" count="32" type="cond" truecount="1" falsecount="1"/>
        <line num="159" count="32" type="stmt"/>
        <line num="160" count="32" type="stmt"/>
        <line num="164" count="32" type="stmt"/>
        <line num="165" count="40" type="cond" truecount="2" falsecount="0"/>
        <line num="166" count="40" type="cond" truecount="1" falsecount="1"/>
        <line num="167" count="40" type="stmt"/>
        <line num="168" count="40" type="stmt"/>
        <line num="171" count="0" type="stmt"/>
        <line num="173" count="0" type="cond" truecount="0" falsecount="2"/>
        <line num="174" count="0" type="stmt"/>
        <line num="175" count="0" type="stmt"/>
        <line num="178" count="0" type="stmt"/>
        <line num="179" count="0" type="stmt"/>
        <line num="180" count="0" type="cond" truecount="0" falsecount="2"/>
        <line num="183" count="32" type="stmt"/>
        <line num="185" count="32" type="cond" truecount="1" falsecount="1"/>
        <line num="188" count="32" type="stmt"/>
        <line num="191" count="32" type="stmt"/>
        <line num="199" count="0" type="stmt"/>
        <line num="200" count="0" type="stmt"/>
        <line num="202" count="0" type="stmt"/>
        <line num="203" count="0" type="stmt"/>
        <line num="204" count="0" type="cond" truecount="0" falsecount="4"/>
        <line num="205" count="0" type="stmt"/>
        <line num="212" count="0" type="stmt"/>
        <line num="214" count="0" type="stmt"/>
        <line num="218" count="0" type="cond" truecount="0" falsecount="2"/>
        <line num="219" count="0" type="stmt"/>
        <line num="228" count="0" type="stmt"/>
        <line num="234" count="16" type="stmt"/>
        <line num="236" count="16" type="stmt"/>
        <line num="237" count="16" type="stmt"/>
        <line num="238" count="16" type="stmt"/>
        <line num="239" count="56" type="cond" truecount="1" falsecount="1"/>
        <line num="240" count="0" type="stmt"/>
        <line num="243" count="56" type="stmt"/>
        <line num="254" count="16" type="stmt"/>
        <line num="264" count="16" type="stmt"/>
        <line num="265" count="16" type="stmt"/>
        <line num="266" count="16" type="stmt"/>
        <line num="267" count="16" type="stmt"/>
        <line num="268" count="16" type="stmt"/>
        <line num="270" count="16" type="stmt"/>
        <line num="271" count="56" type="stmt"/>
        <line num="272" count="56" type="cond" truecount="2" falsecount="0"/>
        <line num="278" count="40" type="stmt"/>
        <line num="279" count="40" type="stmt"/>
        <line num="280" count="40" type="stmt"/>
        <line num="283" count="16" type="stmt"/>
        <line num="286" count="16" type="stmt"/>
        <line num="287" count="16" type="stmt"/>
        <line num="288" count="16" type="stmt"/>
        <line num="292" count="16" type="stmt"/>
        <line num="293" count="16" type="stmt"/>
        <line num="296" count="16" type="stmt"/>
        <line num="297" count="56" type="stmt"/>
        <line num="298" count="56" type="stmt"/>
        <line num="305" count="56" type="stmt"/>
        <line num="308" count="16" type="stmt"/>
        <line num="309" count="56" type="cond" truecount="1" falsecount="1"/>
        <line num="310" count="0" type="stmt"/>
        <line num="311" count="0" type="stmt"/>
        <line num="314" count="56" type="cond" truecount="3" falsecount="1"/>
        <line num="315" count="0" type="stmt"/>
        <line num="318" count="56" type="stmt"/>
        <line num="319" count="56" type="stmt"/>
        <line num="320" count="56" type="stmt"/>
        <line num="322" count="56" type="cond" truecount="2" falsecount="0"/>
        <line num="323" count="16" type="cond" truecount="1" falsecount="1"/>
        <line num="324" count="16" type="stmt"/>
        <line num="326" count="0" type="stmt"/>
        <line num="327" count="0" type="stmt"/>
        <line num="328" count="0" type="stmt"/>
        <line num="329" count="0" type="cond" truecount="0" falsecount="2"/>
        <line num="330" count="0" type="stmt"/>
        <line num="334" count="16" type="stmt"/>
        <line num="337" count="40" type="cond" truecount="1" falsecount="1"/>
        <line num="338" count="40" type="stmt"/>
        <line num="339" count="40" type="stmt"/>
        <line num="342" count="0" type="cond" truecount="0" falsecount="2"/>
        <line num="343" count="0" type="stmt"/>
        <line num="344" count="0" type="stmt"/>
        <line num="347" count="0" type="stmt"/>
        <line num="348" count="0" type="cond" truecount="0" falsecount="2"/>
        <line num="349" count="0" type="stmt"/>
        <line num="350" count="0" type="stmt"/>
        <line num="353" count="0" type="stmt"/>
        <line num="354" count="0" type="stmt"/>
        <line num="355" count="0" type="stmt"/>
        <line num="356" count="0" type="cond" truecount="0" falsecount="2"/>
        <line num="357" count="0" type="stmt"/>
        <line num="362" count="16" type="cond" truecount="2" falsecount="2"/>
        <line num="363" count="16" type="stmt"/>
        <line num="366" count="16" type="stmt"/>
        <line num="370" count="11" type="stmt"/>
        <line num="371" count="11" type="stmt"/>
        <line num="372" count="11" type="stmt"/>
        <line num="374" count="11" type="stmt"/>
        <line num="375" count="11" type="stmt"/>
        <line num="376" count="22" type="stmt"/>
        <line num="377" count="22" type="cond" truecount="1" falsecount="1"/>
        <line num="378" count="22" type="stmt"/>
        <line num="380" count="22" type="cond" truecount="1" falsecount="1"/>
        <line num="381" count="22" type="stmt"/>
        <line num="385" count="11" type="stmt"/>
        <line num="386" count="11" type="stmt"/>
        <line num="387" count="11" type="stmt"/>
        <line num="388" count="11" type="stmt"/>
        <line num="389" count="11" type="cond" truecount="1" falsecount="1"/>
        <line num="390" count="0" type="stmt"/>
        <line num="392" count="11" type="cond" truecount="1" falsecount="1"/>
        <line num="393" count="0" type="stmt"/>
        <line num="395" count="11" type="stmt"/>
        <line num="396" count="11" type="cond" truecount="1" falsecount="1"/>
        <line num="400" count="22" type="cond" truecount="1" falsecount="1"/>
        <line num="401" count="11" type="stmt"/>
        <line num="403" count="11" type="stmt"/>
        <line num="404" count="22" type="stmt"/>
        <line num="405" count="22" type="stmt"/>
        <line num="406" count="22" type="cond" truecount="1" falsecount="1"/>
        <line num="407" count="0" type="stmt"/>
        <line num="409" count="22" type="stmt"/>
        <line num="410" count="22" type="cond" truecount="1" falsecount="1"/>
        <line num="411" count="11" type="cond" truecount="1" falsecount="1"/>
        <line num="412" count="11" type="stmt"/>
        <line num="413" count="11" type="cond" truecount="1" falsecount="1"/>
        <line num="414" count="11" type="stmt"/>
        <line num="419" count="11" type="stmt"/>
        <line num="429" count="18" type="stmt"/>
        <line num="430" count="18" type="stmt"/>
        <line num="431" count="18" type="stmt"/>
        <line num="432" count="18" type="stmt"/>
        <line num="433" count="18" type="stmt"/>
        <line num="434" count="18" type="stmt"/>
        <line num="435" count="18" type="stmt"/>
        <line num="437" count="18" type="stmt"/>
        <line num="438" count="18" type="stmt"/>
        <line num="439" count="18" type="stmt"/>
        <line num="441" count="18" type="stmt"/>
        <line num="442" count="48" type="cond" truecount="1" falsecount="1"/>
        <line num="443" count="48" type="stmt"/>
        <line num="444" count="48" type="stmt"/>
        <line num="445" count="48" type="stmt"/>
        <line num="446" count="48" type="cond" truecount="2" falsecount="0"/>
        <line num="450" count="18" type="stmt"/>
        <line num="451" count="16" type="stmt"/>
        <line num="452" count="16" type="cond" truecount="1" falsecount="1"/>
        <line num="453" count="0" type="stmt"/>
        <line num="456" count="16" type="cond" truecount="1" falsecount="1"/>
        <line num="457" count="16" type="stmt"/>
        <line num="458" count="16" type="cond" truecount="1" falsecount="1"/>
        <line num="461" count="16" type="stmt"/>
        <line num="462" count="16" type="stmt"/>
        <line num="463" count="16" type="cond" truecount="1" falsecount="1"/>
        <line num="464" count="0" type="cond" truecount="0" falsecount="2"/>
        <line num="465" count="0" type="stmt"/>
        <line num="467" count="0" type="stmt"/>
        <line num="470" count="16" type="stmt"/>
        <line num="478" count="18" type="stmt"/>
        <line num="479" count="16" type="stmt"/>
        <line num="480" count="16" type="stmt"/>
        <line num="481" count="16" type="stmt"/>
        <line num="482" count="16" type="stmt"/>
        <line num="484" count="16" type="stmt"/>
        <line num="485" count="32" type="stmt"/>
        <line num="488" count="16" type="stmt"/>
        <line num="489" count="16" type="stmt"/>
        <line num="490" count="16" type="stmt"/>
        <line num="491" count="16" type="stmt"/>
        <line num="494" count="16" type="cond" truecount="1" falsecount="1"/>
        <line num="495" count="16" type="stmt"/>
        <line num="499" count="18" type="cond" truecount="2" falsecount="0"/>
        <line num="500" count="7" type="stmt"/>
        <line num="509" count="48" type="cond" truecount="1" falsecount="1"/>
        <line num="510" count="48" type="cond" truecount="1" falsecount="1"/>
        <line num="512" count="32" type="cond" truecount="1" falsecount="1"/>
        <line num="513" count="11" type="stmt"/>
        <line num="514" count="11" type="stmt"/>
        <line num="516" count="11" type="stmt"/>
        <line num="517" count="32" type="stmt"/>
        <line num="518" count="32" type="stmt"/>
        <line num="519" count="32" type="cond" truecount="1" falsecount="1"/>
        <line num="520" count="0" type="stmt"/>
        <line num="523" count="32" type="stmt"/>
        <line num="524" count="32" type="cond" truecount="1" falsecount="1"/>
        <line num="525" count="16" type="cond" truecount="1" falsecount="1"/>
        <line num="526" count="16" type="stmt"/>
        <line num="527" count="16" type="cond" truecount="1" falsecount="1"/>
        <line num="528" count="16" type="stmt"/>
        <line num="533" count="11" type="stmt"/>
        <line num="534" count="11" type="cond" truecount="1" falsecount="1"/>
        <line num="535" count="0" type="stmt"/>
        <line num="536" count="0" type="stmt"/>
        <line num="537" count="0" type="cond" truecount="0" falsecount="2"/>
        <line num="538" count="0" type="stmt"/>
        <line num="543" count="11" type="stmt"/>
        <line num="544" count="32" type="stmt"/>
        <line num="546" count="11" type="stmt"/>
        <line num="547" count="32" type="cond" truecount="1" falsecount="1"/>
        <line num="548" count="32" type="cond" truecount="1" falsecount="1"/>
        <line num="549" count="16" type="cond" truecount="1" falsecount="1"/>
        <line num="553" count="11" type="stmt"/>
        <line num="554" count="11" type="stmt"/>
        <line num="555" count="32" type="cond" truecount="1" falsecount="1"/>
        <line num="556" count="32" type="cond" truecount="2" falsecount="0"/>
        <line num="557" count="22" type="stmt"/>
        <line num="559" count="32" type="stmt"/>
        <line num="562" count="11" type="stmt"/>
        <line num="563" count="22" type="stmt"/>
        <line num="564" count="10" type="cond" truecount="1" falsecount="1"/>
        <line num="565" count="10" type="cond" truecount="1" falsecount="1"/>
        <line num="566" count="10" type="cond" truecount="1" falsecount="1"/>
        <line num="567" count="0" type="stmt"/>
        <line num="569" count="10" type="stmt"/>
        <line num="573" count="11" type="stmt"/>
        <line num="574" count="11" type="stmt"/>
        <line num="575" count="48" type="cond" truecount="1" falsecount="1"/>
        <line num="576" count="48" type="cond" truecount="1" falsecount="1"/>
        <line num="578" count="48" type="cond" truecount="2" falsecount="0"/>
        <line num="579" count="16" type="cond" truecount="2" falsecount="0"/>
        <line num="580" count="16" type="stmt"/>
        <line num="587" count="16" type="stmt"/>
        <line num="588" count="16" type="stmt"/>
        <line num="592" count="16" type="stmt"/>
        <line num="599" count="16" type="stmt"/>
        <line num="602" count="32" type="stmt"/>
        <line num="607" count="32" type="stmt"/>
        <line num="608" count="32" type="stmt"/>
        <line num="615" count="11" type="stmt"/>
        <line num="616" count="11" type="stmt"/>
        <line num="617" count="11" type="stmt"/>
        <line num="618" count="11" type="stmt"/>
        <line num="620" count="11" type="stmt"/>
        <line num="622" count="11" type="stmt"/>
        <line num="623" count="11" type="stmt"/>
        <line num="624" count="11" type="stmt"/>
        <line num="625" count="22" type="cond" truecount="1" falsecount="1"/>
        <line num="626" count="32" type="cond" truecount="1" falsecount="1"/>
        <line num="627" count="22" type="stmt"/>
        <line num="628" count="22" type="stmt"/>
        <line num="629" count="22" type="stmt"/>
        <line num="632" count="11" type="stmt"/>
        <line num="633" count="11" type="stmt"/>
        <line num="634" count="11" type="stmt"/>
        <line num="635" count="22" type="cond" truecount="1" falsecount="1"/>
        <line num="636" count="22" type="stmt"/>
        <line num="637" count="22" type="stmt"/>
        <line num="638" count="32" type="stmt"/>
        <line num="639" count="32" type="cond" truecount="1" falsecount="1"/>
        <line num="640" count="0" type="stmt"/>
        <line num="642" count="32" type="stmt"/>
        <line num="643" count="32" type="stmt"/>
        <line num="646" count="22" type="cond" truecount="1" falsecount="1"/>
        <line num="647" count="22" type="stmt"/>
        <line num="650" count="11" type="cond" truecount="1" falsecount="1"/>
        <line num="654" count="18" type="stmt"/>
        <line num="655" count="32" type="stmt"/>
        <line num="656" count="32" type="cond" truecount="1" falsecount="1"/>
        <line num="658" count="32" type="cond" truecount="1" falsecount="1"/>
        <line num="659" count="32" type="cond" truecount="1" falsecount="1"/>
        <line num="661" count="32" type="cond" truecount="2" falsecount="0"/>
        <line num="664" count="32" type="cond" truecount="2" falsecount="0"/>
        <line num="666" count="32" type="stmt"/>
        <line num="680" count="18" type="cond" truecount="1" falsecount="1"/>
        <line num="681" count="32" type="stmt"/>
        <line num="683" count="18" type="stmt"/>
        <line num="684" count="32" type="stmt"/>
        <line num="686" count="18" type="stmt"/>
        <line num="687" count="16" type="stmt"/>
        <line num="688" count="16" type="cond" truecount="1" falsecount="1"/>
        <line num="689" count="16" type="cond" truecount="1" falsecount="1"/>
        <line num="690" count="16" type="cond" truecount="1" falsecount="1"/>
        <line num="691" count="16" type="cond" truecount="1" falsecount="1"/>
        <line num="693" count="16" type="stmt"/>
        <line num="707" count="18" type="stmt"/>
        <line num="708" count="48" type="cond" truecount="2" falsecount="0"/>
        <line num="709" count="48" type="stmt"/>
        <line num="711" count="48" type="stmt"/>
        <line num="712" count="48" type="stmt"/>
        <line num="713" count="18" type="cond" truecount="1" falsecount="1"/>
        <line num="714" count="18" type="cond" truecount="1" falsecount="1"/>
        <line num="716" count="18" type="cond" truecount="3" falsecount="1"/>
        <line num="717" count="11" type="stmt"/>
        <line num="718" count="48" type="stmt"/>
        <line num="719" count="48" type="stmt"/>
        <line num="723" count="48" type="stmt"/>
        <line num="724" count="11" type="stmt"/>
        <line num="726" count="16" type="stmt"/>
        <line num="727" count="16" type="stmt"/>
        <line num="728" count="16" type="cond" truecount="3" falsecount="1"/>
        <line num="729" count="0" type="stmt"/>
        <line num="732" count="16" type="stmt"/>
        <line num="733" count="16" type="cond" truecount="2" falsecount="0"/>
        <line num="734" count="16" type="stmt"/>
        <line num="735" count="16" type="stmt"/>
        <line num="736" count="16" type="stmt"/>
        <line num="738" count="16" type="stmt"/>
        <line num="748" count="16" type="stmt"/>
        <line num="750" count="48" type="stmt"/>
        <line num="751" count="48" type="stmt"/>
        <line num="753" count="11" type="stmt"/>
      </file>
      <file name="main.tsx" path="/workspaces/hadith-graph-app/src/main.tsx">
        <metrics statements="1" coveredstatements="0" conditionals="0" coveredconditionals="0" methods="0" coveredmethods="0"/>
        <line num="5" count="0" type="stmt"/>
      </file>
      <file name="matnHighlights.ts" path="/workspaces/hadith-graph-app/src/matnHighlights.ts">
        <metrics statements="55" coveredstatements="15" conditionals="52" coveredconditionals="10" methods="10" coveredmethods="3"/>
        <line num="16" count="4" type="stmt"/>
        <line num="32" count="4" type="cond" truecount="1" falsecount="1"/>
        <line num="35" count="0" type="stmt"/>
        <line num="39" count="0" type="stmt"/>
        <line num="40" count="0" type="cond" truecount="0" falsecount="2"/>
        <line num="44" count="5" type="cond" truecount="1" falsecount="1"/>
        <line num="45" count="0" type="stmt"/>
        <line num="48" count="5" type="stmt"/>
        <line num="49" count="5" type="stmt"/>
        <line num="50" count="0" type="stmt"/>
        <line num="51" count="0" type="cond" truecount="0" falsecount="4"/>
        <line num="52" count="0" type="cond" truecount="0" falsecount="5"/>
        <line num="53" count="0" type="stmt"/>
        <line num="55" count="0" type="stmt"/>
        <line num="56" count="0" type="stmt"/>
        <line num="69" count="49" type="cond" truecount="4" falsecount="1"/>
        <line num="70" count="49" type="stmt"/>
        <line num="73" count="0" type="stmt"/>
        <line num="75" count="0" type="cond" truecount="0" falsecount="4"/>
        <line num="76" count="0" type="cond" truecount="0" falsecount="2"/>
        <line num="77" count="0" type="cond" truecount="0" falsecount="4"/>
        <line num="80" count="0" type="cond" truecount="0" falsecount="4"/>
        <line num="83" count="0" type="stmt"/>
        <line num="84" count="0" type="stmt"/>
        <line num="86" count="0" type="cond" truecount="0" falsecount="5"/>
        <line num="87" count="0" type="stmt"/>
        <line num="90" count="0" type="stmt"/>
        <line num="97" count="0" type="cond" truecount="0" falsecount="3"/>
        <line num="99" count="0" type="stmt"/>
        <line num="100" count="0" type="stmt"/>
        <line num="101" count="0" type="stmt"/>
        <line num="102" count="0" type="cond" truecount="0" falsecount="2"/>
        <line num="103" count="0" type="stmt"/>
        <line num="105" count="0" type="stmt"/>
        <line num="106" count="0" type="stmt"/>
        <line num="108" count="0" type="stmt"/>
        <line num="116" count="141" type="cond" truecount="2" falsecount="0"/>
        <line num="117" count="38" type="stmt"/>
        <line num="120" count="103" type="stmt"/>
        <line num="121" count="103" type="stmt"/>
        <line num="123" count="103" type="stmt"/>
        <line num="124" count="0" type="cond" truecount="0" falsecount="2"/>
        <line num="125" count="0" type="stmt"/>
        <line num="128" count="0" type="stmt"/>
        <line num="129" count="0" type="stmt"/>
        <line num="136" count="0" type="stmt"/>
        <line num="139" count="103" type="cond" truecount="1" falsecount="1"/>
        <line num="140" count="103" type="stmt"/>
        <line num="143" count="103" type="cond" truecount="1" falsecount="1"/>
        <line num="147" count="0" type="stmt"/>
        <line num="151" count="0" type="stmt"/>
        <line num="152" count="0" type="stmt"/>
        <line num="153" count="0" type="stmt"/>
        <line num="154" count="0" type="stmt"/>
        <line num="155" count="0" type="stmt"/>
      </file>
      <file name="types.ts" path="/workspaces/hadith-graph-app/src/types.ts">
        <metrics statements="0" coveredstatements="0" conditionals="0" coveredconditionals="0" methods="0" coveredmethods="0"/>
      </file>
    </package>
    <package name="src.components">
      <metrics statements="86" coveredstatements="69" conditionals="100" coveredconditionals="63" methods="32" coveredmethods="24"/>
      <file name="GraphCanvas.tsx" path="/workspaces/hadith-graph-app/src/components/GraphCanvas.tsx">
        <metrics statements="78" coveredstatements="63" conditionals="89" coveredconditionals="59" methods="29" coveredmethods="22"/>
        <line num="6" count="2" type="stmt"/>
        <line num="41" count="2" type="stmt"/>
        <line num="49" count="56" type="stmt"/>
        <line num="51" count="56" type="cond" truecount="1" falsecount="1"/>
        <line num="52" count="56" type="stmt"/>
        <line num="53" count="56" type="cond" truecount="4" falsecount="0"/>
        <line num="54" count="55" type="stmt"/>
        <line num="57" count="1" type="cond" truecount="1" falsecount="1"/>
        <line num="58" count="56" type="stmt"/>
        <line num="59" count="56" type="cond" truecount="2" falsecount="0"/>
        <line num="60" count="1" type="stmt"/>
        <line num="69" count="56" type="stmt"/>
        <line num="73" count="56" type="stmt"/>
        <line num="74" count="56" type="cond" truecount="2" falsecount="0"/>
        <line num="81" count="15" type="cond" truecount="2" falsecount="0"/>
        <line num="83" count="0" type="cond" truecount="0" falsecount="6"/>
        <line num="108" count="87" type="stmt"/>
        <line num="109" count="87" type="stmt"/>
        <line num="110" count="87" type="stmt"/>
        <line num="112" count="87" type="stmt"/>
        <line num="113" count="0" type="cond" truecount="0" falsecount="2"/>
        <line num="114" count="0" type="stmt"/>
        <line num="115" count="0" type="stmt"/>
        <line num="118" count="0" type="stmt"/>
        <line num="121" count="87" type="stmt"/>
        <line num="122" count="17" type="cond" truecount="2" falsecount="0"/>
        <line num="123" count="2" type="cond" truecount="1" falsecount="1"/>
        <line num="124" count="2" type="stmt"/>
        <line num="127" count="15" type="stmt"/>
        <line num="128" count="15" type="stmt"/>
        <line num="129" count="37" type="cond" truecount="2" falsecount="0"/>
        <line num="130" count="13" type="stmt"/>
        <line num="131" count="13" type="cond" truecount="2" falsecount="3"/>
        <line num="132" count="13" type="stmt"/>
        <line num="135" count="0" type="stmt"/>
        <line num="136" count="0" type="stmt"/>
        <line num="137" count="0" type="cond" truecount="0" falsecount="2"/>
        <line num="138" count="0" type="stmt"/>
        <line num="141" count="0" type="stmt"/>
        <line num="142" count="0" type="stmt"/>
        <line num="154" count="15" type="stmt"/>
        <line num="155" count="15" type="cond" truecount="1" falsecount="1"/>
        <line num="158" count="87" type="stmt"/>
        <line num="159" count="7" type="stmt"/>
        <line num="163" count="87" type="stmt"/>
        <line num="198" count="52" type="stmt"/>
        <line num="228" count="160" type="stmt"/>
        <line num="229" count="160" type="stmt"/>
        <line num="235" count="640" type="stmt"/>
        <line num="238" count="160" type="stmt"/>
        <line num="239" count="160" type="stmt"/>
        <line num="240" count="160" type="stmt"/>
        <line num="241" count="160" type="stmt"/>
        <line num="242" count="160" type="stmt"/>
        <line num="243" count="160" type="stmt"/>
        <line num="244" count="160" type="stmt"/>
        <line num="245" count="160" type="cond" truecount="2" falsecount="0"/>
        <line num="247" count="160" type="stmt"/>
        <line num="254" count="3" type="stmt"/>
        <line num="286" count="0" type="stmt"/>
        <line num="294" count="0" type="stmt"/>
        <line num="299" count="56" type="stmt"/>
        <line num="301" count="56" type="stmt"/>
        <line num="306" count="53" type="stmt"/>
        <line num="307" count="53" type="stmt"/>
        <line num="308" count="53" type="cond" truecount="1" falsecount="1"/>
        <line num="309" count="53" type="stmt"/>
        <line num="312" count="0" type="stmt"/>
        <line num="337" count="53" type="stmt"/>
        <line num="340" count="0" type="stmt"/>
        <line num="356" count="3" type="stmt"/>
        <line num="357" count="3" type="stmt"/>
        <line num="358" count="3" type="stmt"/>
        <line num="359" count="3" type="stmt"/>
        <line num="364" count="3" type="stmt"/>
        <line num="365" count="3" type="stmt"/>
        <line num="367" count="3" type="stmt"/>
        <line num="388" count="104" type="cond" truecount="1" falsecount="1"/>
      </file>
      <file name="HighlightedMatn.tsx" path="/workspaces/hadith-graph-app/src/components/HighlightedMatn.tsx">
        <metrics statements="8" coveredstatements="6" conditionals="11" coveredconditionals="4" methods="3" coveredmethods="2"/>
        <line num="12" count="1" type="stmt"/>
        <line num="16" count="125" type="stmt"/>
        <line num="17" count="125" type="stmt"/>
        <line num="19" count="125" type="stmt"/>
        <line num="22" count="125" type="cond" truecount="2" falsecount="2"/>
        <line num="23" count="125" type="stmt"/>
        <line num="26" count="0" type="stmt"/>
        <line num="27" count="0" type="stmt"/>
      </file>
    </package>
    <package name="src.hooks">
      <metrics statements="279" coveredstatements="249" conditionals="133" coveredconditionals="96" methods="48" coveredmethods="47"/>
      <file name="useBoxSelection.ts" path="/workspaces/hadith-graph-app/src/hooks/useBoxSelection.ts">
        <metrics statements="79" coveredstatements="74" conditionals="40" coveredconditionals="33" methods="12" coveredmethods="12"/>
        <line num="45" count="1" type="stmt"/>
        <line num="46" count="1" type="stmt"/>
        <line num="47" count="1" type="stmt"/>
        <line num="48" count="2" type="cond" truecount="2" falsecount="0"/>
        <line num="49" count="1" type="stmt"/>
        <line num="50" count="1" type="stmt"/>
        <line num="53" count="1" type="stmt"/>
        <line num="57" count="1" type="stmt"/>
        <line num="66" count="2" type="stmt"/>
        <line num="67" count="2" type="stmt"/>
        <line num="69" count="2" type="stmt"/>
        <line num="70" count="2" type="stmt"/>
        <line num="71" count="2" type="stmt"/>
        <line num="72" count="2" type="stmt"/>
        <line num="74" count="2" type="stmt"/>
        <line num="75" count="2" type="stmt"/>
        <line num="77" count="2" type="cond" truecount="4" falsecount="0"/>
        <line num="88" count="126" type="stmt"/>
        <line num="89" count="126" type="stmt"/>
        <line num="90" count="126" type="stmt"/>
        <line num="92" count="126" type="stmt"/>
        <line num="93" count="24" type="cond" truecount="2" falsecount="0"/>
        <line num="94" count="20" type="stmt"/>
        <line num="97" count="4" type="stmt"/>
        <line num="98" count="1" type="stmt"/>
        <line num="99" count="1" type="cond" truecount="1" falsecount="1"/>
        <line num="100" count="0" type="stmt"/>
        <line num="103" count="1" type="stmt"/>
        <line num="104" count="1" type="cond" truecount="1" falsecount="1"/>
        <line num="105" count="0" type="stmt"/>
        <line num="108" count="1" type="stmt"/>
        <line num="109" count="1" type="stmt"/>
        <line num="111" count="1" type="stmt"/>
        <line num="112" count="1" type="cond" truecount="2" falsecount="2"/>
        <line num="113" count="1" type="stmt"/>
        <line num="116" count="1" type="stmt"/>
        <line num="118" count="1" type="stmt"/>
        <line num="119" count="2" type="stmt"/>
        <line num="120" count="2" type="stmt"/>
        <line num="122" count="1" type="cond" truecount="1" falsecount="1"/>
        <line num="123" count="1" type="stmt"/>
        <line num="125" count="0" type="stmt"/>
        <line num="129" count="4" type="stmt"/>
        <line num="130" count="2" type="stmt"/>
        <line num="131" count="2" type="stmt"/>
        <line num="132" count="2" type="stmt"/>
        <line num="133" count="2" type="stmt"/>
        <line num="135" count="2" type="cond" truecount="1" falsecount="1"/>
        <line num="136" count="0" type="stmt"/>
        <line num="139" count="2" type="cond" truecount="4" falsecount="0"/>
        <line num="140" count="1" type="stmt"/>
        <line num="144" count="4" type="stmt"/>
        <line num="145" count="4" type="stmt"/>
        <line num="146" count="4" type="stmt"/>
        <line num="148" count="4" type="stmt"/>
        <line num="149" count="4" type="stmt"/>
        <line num="150" count="4" type="stmt"/>
        <line num="151" count="4" type="stmt"/>
        <line num="155" count="126" type="stmt"/>
        <line num="156" count="5" type="cond" truecount="5" falsecount="0"/>
        <line num="157" count="1" type="stmt"/>
        <line num="160" count="4" type="cond" truecount="2" falsecount="0"/>
        <line num="161" count="1" type="stmt"/>
        <line num="164" count="3" type="stmt"/>
        <line num="165" count="3" type="cond" truecount="1" falsecount="1"/>
        <line num="166" count="0" type="stmt"/>
        <line num="169" count="3" type="cond" truecount="3" falsecount="0"/>
        <line num="170" count="5" type="cond" truecount="2" falsecount="0"/>
        <line num="172" count="5" type="cond" truecount="2" falsecount="0"/>
        <line num="173" count="2" type="stmt"/>
        <line num="176" count="3" type="stmt"/>
        <line num="186" count="3" type="stmt"/>
        <line num="187" count="3" type="stmt"/>
        <line num="188" count="3" type="stmt"/>
        <line num="191" count="126" type="stmt"/>
        <line num="192" count="9" type="stmt"/>
        <line num="193" count="9" type="stmt"/>
        <line num="194" count="9" type="stmt"/>
        <line num="197" count="126" type="stmt"/>
      </file>
      <file name="useNodeDrag.ts" path="/workspaces/hadith-graph-app/src/hooks/useNodeDrag.ts">
        <metrics statements="151" coveredstatements="129" conditionals="77" coveredconditionals="50" methods="28" coveredmethods="27"/>
        <line num="11" count="1" type="stmt"/>
        <line num="12" count="1" type="stmt"/>
        <line num="13" count="1" type="stmt"/>
        <line num="53" count="8" type="stmt"/>
        <line num="57" count="4" type="stmt"/>
        <line num="61" count="129" type="stmt"/>
        <line num="68" count="498" type="cond" truecount="2" falsecount="0"/>
        <line num="72" count="2" type="cond" truecount="1" falsecount="1"/>
        <line num="73" count="2" type="cond" truecount="2" falsecount="0"/>
        <line num="74" count="1" type="stmt"/>
        <line num="75" count="1" type="stmt"/>
        <line num="78" count="1" type="stmt"/>
        <line num="82" count="129" type="stmt"/>
        <line num="83" count="129" type="stmt"/>
        <line num="84" count="249" type="stmt"/>
        <line num="85" count="249" type="stmt"/>
        <line num="87" count="129" type="stmt"/>
        <line num="91" count="1" type="stmt"/>
        <line num="98" count="1" type="stmt"/>
        <line num="99" count="1" type="stmt"/>
        <line num="100" count="1" type="stmt"/>
        <line num="109" count="2" type="stmt"/>
        <line num="110" count="2" type="stmt"/>
        <line num="112" count="2" type="stmt"/>
        <line num="113" count="2" type="cond" truecount="2" falsecount="0"/>
        <line num="114" count="2" type="cond" truecount="2" falsecount="0"/>
        <line num="115" count="2" type="stmt"/>
        <line num="116" count="2" type="stmt"/>
        <line num="118" count="2" type="stmt"/>
        <line num="119" count="8" type="cond" truecount="5" falsecount="0"/>
        <line num="120" count="4" type="stmt"/>
        <line num="123" count="4" type="stmt"/>
        <line num="124" count="4" type="stmt"/>
        <line num="125" count="4" type="cond" truecount="2" falsecount="0"/>
        <line num="129" count="2" type="stmt"/>
        <line num="130" count="2" type="stmt"/>
        <line num="135" count="2" type="stmt"/>
        <line num="143" count="1" type="stmt"/>
        <line num="145" count="1" type="stmt"/>
        <line num="146" count="1" type="stmt"/>
        <line num="153" count="1" type="stmt"/>
        <line num="164" count="116" type="stmt"/>
        <line num="165" count="116" type="stmt"/>
        <line num="166" count="116" type="stmt"/>
        <line num="168" count="116" type="stmt"/>
        <line num="169" count="15" type="cond" truecount="2" falsecount="0"/>
        <line num="170" count="2" type="stmt"/>
        <line num="173" count="13" type="stmt"/>
        <line num="176" count="116" type="stmt"/>
        <line num="177" count="79" type="cond" truecount="2" falsecount="0"/>
        <line num="178" count="77" type="stmt"/>
        <line num="181" count="2" type="stmt"/>
        <line num="182" count="1" type="stmt"/>
        <line num="183" count="1" type="cond" truecount="1" falsecount="1"/>
        <line num="184" count="0" type="stmt"/>
        <line num="187" count="1" type="stmt"/>
        <line num="188" count="1" type="cond" truecount="1" falsecount="1"/>
        <line num="189" count="0" type="stmt"/>
        <line num="192" count="1" type="stmt"/>
        <line num="193" count="1" type="stmt"/>
        <line num="194" count="1" type="cond" truecount="1" falsecount="1"/>
        <line num="198" count="0" type="stmt"/>
        <line num="201" count="1" type="stmt"/>
        <line num="202" count="1" type="stmt"/>
        <line num="204" count="1" type="stmt"/>
        <line num="205" count="1" type="stmt"/>
        <line num="206" count="1" type="stmt"/>
        <line num="208" count="1" type="stmt"/>
        <line num="209" count="1" type="stmt"/>
        <line num="210" count="1" type="cond" truecount="1" falsecount="1"/>
        <line num="211" count="0" type="stmt"/>
        <line num="214" count="1" type="stmt"/>
        <line num="215" count="1" type="stmt"/>
        <line num="216" count="1" type="stmt"/>
        <line num="218" count="1" type="cond" truecount="3" falsecount="2"/>
        <line num="219" count="1" type="stmt"/>
        <line num="220" count="1" type="stmt"/>
        <line num="225" count="1" type="stmt"/>
        <line num="229" count="1" type="cond" truecount="1" falsecount="1"/>
        <line num="230" count="0" type="stmt"/>
        <line num="233" count="1" type="stmt"/>
        <line num="234" count="1" type="stmt"/>
        <line num="241" count="2" type="stmt"/>
        <line num="242" count="1" type="stmt"/>
        <line num="243" count="1" type="stmt"/>
        <line num="244" count="1" type="stmt"/>
        <line num="246" count="1" type="cond" truecount="1" falsecount="1"/>
        <line num="247" count="1" type="stmt"/>
        <line num="248" count="1" type="stmt"/>
        <line num="250" count="1" type="cond" truecount="1" falsecount="1"/>
        <line num="251" count="1" type="cond" truecount="1" falsecount="1"/>
        <line num="252" count="1" type="cond" truecount="1" falsecount="1"/>
        <line num="253" count="1" type="cond" truecount="1" falsecount="1"/>
        <line num="257" count="1" type="stmt"/>
        <line num="258" count="1" type="stmt"/>
        <line num="259" count="1" type="stmt"/>
        <line num="260" count="1" type="cond" truecount="1" falsecount="1"/>
        <line num="261" count="0" type="stmt"/>
        <line num="264" count="1" type="stmt"/>
        <line num="270" count="1" type="stmt"/>
        <line num="278" count="1" type="stmt"/>
        <line num="282" count="2" type="stmt"/>
        <line num="283" count="2" type="stmt"/>
        <line num="284" count="2" type="stmt"/>
        <line num="286" count="2" type="stmt"/>
        <line num="287" count="2" type="stmt"/>
        <line num="288" count="2" type="stmt"/>
        <line num="289" count="2" type="stmt"/>
        <line num="293" count="116" type="stmt"/>
        <line num="297" count="1" type="cond" truecount="1" falsecount="1"/>
        <line num="298" count="0" type="stmt"/>
        <line num="301" count="1" type="stmt"/>
        <line num="302" count="1" type="cond" truecount="1" falsecount="1"/>
        <line num="303" count="0" type="stmt"/>
        <line num="306" count="1" type="stmt"/>
        <line num="307" count="1" type="cond" truecount="3" falsecount="0"/>
        <line num="310" count="1" type="cond" truecount="1" falsecount="1"/>
        <line num="311" count="0" type="cond" truecount="0" falsecount="2"/>
        <line num="312" count="0" type="stmt"/>
        <line num="314" count="0" type="stmt"/>
        <line num="316" count="1" type="cond" truecount="1" falsecount="1"/>
        <line num="317" count="0" type="stmt"/>
        <line num="319" count="1" type="stmt"/>
        <line num="322" count="1" type="stmt"/>
        <line num="323" count="1" type="cond" truecount="1" falsecount="1"/>
        <line num="324" count="0" type="stmt"/>
        <line num="325" count="0" type="stmt"/>
        <line num="328" count="6" type="stmt"/>
        <line num="329" count="1" type="stmt"/>
        <line num="330" count="1" type="cond" truecount="1" falsecount="1"/>
        <line num="331" count="0" type="stmt"/>
        <line num="334" count="1" type="cond" truecount="1" falsecount="1"/>
        <line num="335" count="0" type="stmt"/>
        <line num="336" count="0" type="stmt"/>
        <line num="337" count="0" type="stmt"/>
        <line num="340" count="1" type="stmt"/>
        <line num="341" count="1" type="cond" truecount="1" falsecount="1"/>
        <line num="342" count="0" type="stmt"/>
        <line num="343" count="0" type="stmt"/>
        <line num="344" count="0" type="stmt"/>
        <line num="347" count="1" type="stmt"/>
        <line num="349" count="1" type="stmt"/>
        <line num="350" count="1" type="stmt"/>
        <line num="351" count="1" type="cond" truecount="1" falsecount="1"/>
        <line num="352" count="0" type="stmt"/>
        <line num="354" count="1" type="stmt"/>
        <line num="362" count="1" type="stmt"/>
        <line num="373" count="1" type="stmt"/>
        <line num="374" count="1" type="stmt"/>
        <line num="375" count="1" type="stmt"/>
        <line num="378" count="116" type="stmt"/>
      </file>
      <file name="useNodeResize.ts" path="/workspaces/hadith-graph-app/src/hooks/useNodeResize.ts">
        <metrics statements="49" coveredstatements="46" conditionals="16" coveredconditionals="13" methods="8" coveredmethods="8"/>
        <line num="42" count="126" type="stmt"/>
        <line num="43" count="126" type="stmt"/>
        <line num="45" count="126" type="stmt"/>
        <line num="46" count="89" type="cond" truecount="2" falsecount="0"/>
        <line num="47" count="84" type="stmt"/>
        <line num="50" count="5" type="stmt"/>
        <line num="51" count="2" type="stmt"/>
        <line num="52" count="2" type="cond" truecount="1" falsecount="1"/>
        <line num="53" count="0" type="stmt"/>
        <line num="56" count="2" type="stmt"/>
        <line num="57" count="2" type="cond" truecount="1" falsecount="1"/>
        <line num="58" count="0" type="stmt"/>
        <line num="61" count="2" type="stmt"/>
        <line num="62" count="2" type="stmt"/>
        <line num="64" count="2" type="stmt"/>
        <line num="66" count="2" type="cond" truecount="2" falsecount="0"/>
        <line num="67" count="1" type="stmt"/>
        <line num="69" count="1" type="stmt"/>
        <line num="72" count="2" type="stmt"/>
        <line num="73" count="2" type="stmt"/>
        <line num="74" count="2" type="cond" truecount="1" falsecount="1"/>
        <line num="75" count="0" type="stmt"/>
        <line num="78" count="2" type="stmt"/>
        <line num="79" count="2" type="stmt"/>
        <line num="81" count="2" type="stmt"/>
        <line num="82" count="2" type="stmt"/>
        <line num="93" count="5" type="stmt"/>
        <line num="94" count="2" type="stmt"/>
        <line num="95" count="2" type="stmt"/>
        <line num="96" count="2" type="stmt"/>
        <line num="98" count="2" type="cond" truecount="2" falsecount="0"/>
        <line num="99" count="1" type="stmt"/>
        <line num="103" count="1" type="stmt"/>
        <line num="107" count="5" type="stmt"/>
        <line num="108" count="5" type="stmt"/>
        <line num="109" count="5" type="stmt"/>
        <line num="111" count="5" type="stmt"/>
        <line num="112" count="5" type="stmt"/>
        <line num="113" count="5" type="stmt"/>
        <line num="114" count="5" type="stmt"/>
        <line num="118" count="126" type="stmt"/>
        <line num="123" count="5" type="cond" truecount="4" falsecount="0"/>
        <line num="124" count="2" type="stmt"/>
        <line num="127" count="3" type="stmt"/>
        <line num="135" count="3" type="stmt"/>
        <line num="136" count="3" type="stmt"/>
        <line num="137" count="3" type="stmt"/>
        <line num="138" count="3" type="stmt"/>
        <line num="141" count="126" type="stmt"/>
      </file>
    </package>
  </project>
</coverage>
