{"/workspaces/hadith-graph-app/src/App.tsx": {"path":"/workspaces/hadith-graph-app/src/App.tsx","statementMap":{"0":{"start":{"line":41,"column":17},"end":{"line":41,"column":null}},"1":{"start":{"line":42,"column":17},"end":{"line":42,"column":null}},"2":{"start":{"line":43,"column":26},"end":{"line":43,"column":null}},"3":{"start":{"line":66,"column":2},"end":{"line":66,"column":null}},"4":{"start":{"line":70,"column":2},"end":{"line":70,"column":null}},"5":{"start":{"line":74,"column":2},"end":{"line":79,"column":null}},"6":{"start":{"line":77,"column":19},"end":{"line":77,"column":56}},"7":{"start":{"line":83,"column":2},"end":{"line":85,"column":null}},"8":{"start":{"line":84,"column":20},"end":{"line":84,"column":45}},"9":{"start":{"line":85,"column":23},"end":{"line":85,"column":39}},"10":{"start":{"line":89,"column":2},"end":{"line":89,"column":null}},"11":{"start":{"line":89,"column":70},"end":{"line":89,"column":92}},"12":{"start":{"line":93,"column":2},"end":{"line":95,"column":null}},"13":{"start":{"line":94,"column":4},"end":{"line":94,"column":null}},"14":{"start":{"line":97,"column":19},"end":{"line":97,"column":null}},"15":{"start":{"line":98,"column":2},"end":{"line":98,"column":null}},"16":{"start":{"line":98,"column":31},"end":{"line":98,"column":50}},"17":{"start":{"line":102,"column":15},"end":{"line":102,"column":null}},"18":{"start":{"line":103,"column":14},"end":{"line":103,"column":null}},"19":{"start":{"line":104,"column":15},"end":{"line":104,"column":null}},"20":{"start":{"line":105,"column":2},"end":{"line":105,"column":null}},"21":{"start":{"line":106,"column":2},"end":{"line":106,"column":null}},"22":{"start":{"line":107,"column":2},"end":{"line":107,"column":null}},"23":{"start":{"line":108,"column":2},"end":{"line":108,"column":null}},"24":{"start":{"line":109,"column":2},"end":{"line":109,"column":null}},"25":{"start":{"line":110,"column":2},"end":{"line":110,"column":null}},"26":{"start":{"line":114,"column":2},"end":{"line":116,"column":null}},"27":{"start":{"line":115,"column":4},"end":{"line":115,"column":null}},"28":{"start":{"line":117,"column":2},"end":{"line":117,"column":null}},"29":{"start":{"line":121,"column":2},"end":{"line":127,"column":null}},"30":{"start":{"line":123,"column":6},"end":{"line":126,"column":null}},"31":{"start":{"line":131,"column":20},"end":{"line":131,"column":null}},"32":{"start":{"line":132,"column":2},"end":{"line":134,"column":null}},"33":{"start":{"line":133,"column":4},"end":{"line":133,"column":null}},"34":{"start":{"line":136,"column":16},"end":{"line":136,"column":null}},"35":{"start":{"line":137,"column":2},"end":{"line":139,"column":null}},"36":{"start":{"line":138,"column":4},"end":{"line":138,"column":null}},"37":{"start":{"line":141,"column":21},"end":{"line":141,"column":null}},"38":{"start":{"line":142,"column":2},"end":{"line":142,"column":null}},"39":{"start":{"line":143,"column":2},"end":{"line":143,"column":null}},"40":{"start":{"line":145,"column":19},"end":{"line":145,"column":null}},"41":{"start":{"line":146,"column":2},"end":{"line":146,"column":null}},"42":{"start":{"line":147,"column":2},"end":{"line":147,"column":null}},"43":{"start":{"line":149,"column":16},"end":{"line":149,"column":null}},"44":{"start":{"line":150,"column":14},"end":{"line":150,"column":null}},"45":{"start":{"line":151,"column":2},"end":{"line":151,"column":null}},"46":{"start":{"line":155,"column":2},"end":{"line":157,"column":null}},"47":{"start":{"line":156,"column":4},"end":{"line":156,"column":null}},"48":{"start":{"line":159,"column":21},"end":{"line":159,"column":null}},"49":{"start":{"line":160,"column":2},"end":{"line":162,"column":null}},"50":{"start":{"line":161,"column":4},"end":{"line":161,"column":null}},"51":{"start":{"line":164,"column":2},"end":{"line":164,"column":null}},"52":{"start":{"line":168,"column":2},"end":{"line":168,"column":null}},"53":{"start":{"line":172,"column":26},"end":{"line":172,"column":null}},"54":{"start":{"line":172,"column":53},"end":{"line":172,"column":96}},"55":{"start":{"line":173,"column":44},"end":{"line":173,"column":null}},"56":{"start":{"line":173,"column":73},"end":{"line":173,"column":93}},"57":{"start":{"line":174,"column":34},"end":{"line":174,"column":null}},"58":{"start":{"line":175,"column":46},"end":{"line":175,"column":null}},"59":{"start":{"line":176,"column":44},"end":{"line":176,"column":null}},"60":{"start":{"line":177,"column":28},"end":{"line":177,"column":null}},"61":{"start":{"line":178,"column":44},"end":{"line":178,"column":null}},"62":{"start":{"line":179,"column":22},"end":{"line":179,"column":null}},"63":{"start":{"line":180,"column":32},"end":{"line":180,"column":null}},"64":{"start":{"line":181,"column":24},"end":{"line":181,"column":null}},"65":{"start":{"line":181,"column":54},"end":{"line":181,"column":71}},"66":{"start":{"line":182,"column":46},"end":{"line":182,"column":null}},"67":{"start":{"line":183,"column":48},"end":{"line":183,"column":null}},"68":{"start":{"line":184,"column":42},"end":{"line":184,"column":null}},"69":{"start":{"line":185,"column":42},"end":{"line":185,"column":null}},"70":{"start":{"line":186,"column":50},"end":{"line":186,"column":null}},"71":{"start":{"line":187,"column":48},"end":{"line":187,"column":null}},"72":{"start":{"line":188,"column":50},"end":{"line":188,"column":null}},"73":{"start":{"line":190,"column":8},"end":{"line":190,"column":null}},"74":{"start":{"line":191,"column":8},"end":{"line":191,"column":null}},"75":{"start":{"line":192,"column":8},"end":{"line":192,"column":null}},"76":{"start":{"line":193,"column":8},"end":{"line":193,"column":null}},"77":{"start":{"line":194,"column":8},"end":{"line":194,"column":null}},"78":{"start":{"line":195,"column":8},"end":{"line":195,"column":null}},"79":{"start":{"line":196,"column":8},"end":{"line":196,"column":null}},"80":{"start":{"line":198,"column":8},"end":{"line":207,"column":null}},"81":{"start":{"line":199,"column":4},"end":{"line":205,"column":null}},"82":{"start":{"line":209,"column":8},"end":{"line":209,"column":null}},"83":{"start":{"line":209,"column":36},"end":{"line":209,"column":62}},"84":{"start":{"line":211,"column":8},"end":{"line":214,"column":null}},"85":{"start":{"line":212,"column":10},"end":{"line":212,"column":null}},"86":{"start":{"line":212,"column":42},"end":{"line":212,"column":71}},"87":{"start":{"line":215,"column":8},"end":{"line":218,"column":null}},"88":{"start":{"line":216,"column":10},"end":{"line":216,"column":null}},"89":{"start":{"line":220,"column":8},"end":{"line":223,"column":null}},"90":{"start":{"line":221,"column":11},"end":{"line":221,"column":null}},"91":{"start":{"line":221,"column":66},"end":{"line":221,"column":95}},"92":{"start":{"line":225,"column":8},"end":{"line":225,"column":null}},"93":{"start":{"line":225,"column":49},"end":{"line":225,"column":91}},"94":{"start":{"line":226,"column":8},"end":{"line":226,"column":null}},"95":{"start":{"line":226,"column":44},"end":{"line":226,"column":76}},"96":{"start":{"line":227,"column":8},"end":{"line":230,"column":null}},"97":{"start":{"line":228,"column":10},"end":{"line":228,"column":null}},"98":{"start":{"line":228,"column":56},"end":{"line":228,"column":73}},"99":{"start":{"line":231,"column":8},"end":{"line":239,"column":null}},"100":{"start":{"line":232,"column":19},"end":{"line":232,"column":null}},"101":{"start":{"line":233,"column":4},"end":{"line":237,"column":null}},"102":{"start":{"line":234,"column":6},"end":{"line":236,"column":null}},"103":{"start":{"line":235,"column":8},"end":{"line":235,"column":null}},"104":{"start":{"line":238,"column":4},"end":{"line":238,"column":null}},"105":{"start":{"line":241,"column":8},"end":{"line":251,"column":null}},"106":{"start":{"line":242,"column":4},"end":{"line":248,"column":null}},"107":{"start":{"line":243,"column":6},"end":{"line":246,"column":null}},"108":{"start":{"line":250,"column":4},"end":{"line":250,"column":null}},"109":{"start":{"line":253,"column":8},"end":{"line":260,"column":null}},"110":{"start":{"line":254,"column":4},"end":{"line":254,"column":null}},"111":{"start":{"line":255,"column":4},"end":{"line":255,"column":null}},"112":{"start":{"line":256,"column":4},"end":{"line":256,"column":null}},"113":{"start":{"line":257,"column":4},"end":{"line":257,"column":null}},"114":{"start":{"line":258,"column":4},"end":{"line":258,"column":null}},"115":{"start":{"line":259,"column":4},"end":{"line":259,"column":null}},"116":{"start":{"line":262,"column":8},"end":{"line":269,"column":null}},"117":{"start":{"line":263,"column":4},"end":{"line":263,"column":null}},"118":{"start":{"line":264,"column":4},"end":{"line":264,"column":null}},"119":{"start":{"line":265,"column":4},"end":{"line":265,"column":null}},"120":{"start":{"line":266,"column":4},"end":{"line":266,"column":null}},"121":{"start":{"line":266,"column":66},"end":{"line":266,"column":83}},"122":{"start":{"line":267,"column":4},"end":{"line":267,"column":null}},"123":{"start":{"line":268,"column":4},"end":{"line":268,"column":null}},"124":{"start":{"line":271,"column":8},"end":{"line":278,"column":null}},"125":{"start":{"line":272,"column":4},"end":{"line":272,"column":null}},"126":{"start":{"line":273,"column":4},"end":{"line":273,"column":null}},"127":{"start":{"line":274,"column":4},"end":{"line":274,"column":null}},"128":{"start":{"line":275,"column":4},"end":{"line":275,"column":null}},"129":{"start":{"line":275,"column":66},"end":{"line":275,"column":83}},"130":{"start":{"line":276,"column":4},"end":{"line":276,"column":null}},"131":{"start":{"line":277,"column":4},"end":{"line":277,"column":null}},"132":{"start":{"line":280,"column":8},"end":{"line":286,"column":null}},"133":{"start":{"line":281,"column":4},"end":{"line":283,"column":null}},"134":{"start":{"line":282,"column":6},"end":{"line":282,"column":null}},"135":{"start":{"line":285,"column":4},"end":{"line":285,"column":null}},"136":{"start":{"line":288,"column":2},"end":{"line":294,"column":null}},"137":{"start":{"line":289,"column":25},"end":{"line":289,"column":null}},"138":{"start":{"line":289,"column":59},"end":{"line":289,"column":66}},"139":{"start":{"line":290,"column":4},"end":{"line":293,"column":null}},"140":{"start":{"line":291,"column":23},"end":{"line":291,"column":null}},"141":{"start":{"line":291,"column":47},"end":{"line":291,"column":67}},"142":{"start":{"line":292,"column":6},"end":{"line":292,"column":null}},"143":{"start":{"line":296,"column":2},"end":{"line":300,"column":null}},"144":{"start":{"line":297,"column":4},"end":{"line":299,"column":null}},"145":{"start":{"line":298,"column":6},"end":{"line":298,"column":null}},"146":{"start":{"line":302,"column":2},"end":{"line":308,"column":null}},"147":{"start":{"line":303,"column":27},"end":{"line":303,"column":null}},"148":{"start":{"line":303,"column":73},"end":{"line":303,"column":81}},"149":{"start":{"line":304,"column":4},"end":{"line":307,"column":null}},"150":{"start":{"line":305,"column":12},"end":{"line":305,"column":null}},"151":{"start":{"line":306,"column":6},"end":{"line":306,"column":null}},"152":{"start":{"line":310,"column":2},"end":{"line":319,"column":null}},"153":{"start":{"line":311,"column":4},"end":{"line":318,"column":null}},"154":{"start":{"line":312,"column":6},"end":{"line":314,"column":null}},"155":{"start":{"line":313,"column":8},"end":{"line":313,"column":null}},"156":{"start":{"line":315,"column":18},"end":{"line":315,"column":null}},"157":{"start":{"line":316,"column":20},"end":{"line":316,"column":null}},"158":{"start":{"line":317,"column":6},"end":{"line":317,"column":null}},"159":{"start":{"line":321,"column":2},"end":{"line":329,"column":null}},"160":{"start":{"line":322,"column":4},"end":{"line":324,"column":null}},"161":{"start":{"line":323,"column":6},"end":{"line":323,"column":null}},"162":{"start":{"line":326,"column":4},"end":{"line":328,"column":null}},"163":{"start":{"line":326,"column":46},"end":{"line":326,"column":80}},"164":{"start":{"line":327,"column":6},"end":{"line":327,"column":null}},"165":{"start":{"line":331,"column":2},"end":{"line":369,"column":null}},"166":{"start":{"line":332,"column":4},"end":{"line":334,"column":null}},"167":{"start":{"line":333,"column":6},"end":{"line":333,"column":null}},"168":{"start":{"line":336,"column":30},"end":{"line":353,"column":null}},"169":{"start":{"line":337,"column":23},"end":{"line":337,"column":null}},"170":{"start":{"line":338,"column":30},"end":{"line":338,"column":null}},"171":{"start":{"line":339,"column":6},"end":{"line":341,"column":null}},"172":{"start":{"line":340,"column":8},"end":{"line":340,"column":null}},"173":{"start":{"line":343,"column":21},"end":{"line":343,"column":null}},"174":{"start":{"line":344,"column":21},"end":{"line":344,"column":null}},"175":{"start":{"line":346,"column":6},"end":{"line":346,"column":null}},"176":{"start":{"line":347,"column":6},"end":{"line":347,"column":null}},"177":{"start":{"line":348,"column":6},"end":{"line":352,"column":null}},"178":{"start":{"line":355,"column":22},"end":{"line":358,"column":null}},"179":{"start":{"line":356,"column":6},"end":{"line":356,"column":null}},"180":{"start":{"line":357,"column":6},"end":{"line":357,"column":null}},"181":{"start":{"line":360,"column":4},"end":{"line":360,"column":null}},"182":{"start":{"line":361,"column":4},"end":{"line":361,"column":null}},"183":{"start":{"line":362,"column":4},"end":{"line":362,"column":null}},"184":{"start":{"line":364,"column":4},"end":{"line":368,"column":null}},"185":{"start":{"line":365,"column":6},"end":{"line":365,"column":null}},"186":{"start":{"line":366,"column":6},"end":{"line":366,"column":null}},"187":{"start":{"line":367,"column":6},"end":{"line":367,"column":null}},"188":{"start":{"line":371,"column":2},"end":{"line":391,"column":null}},"189":{"start":{"line":372,"column":28},"end":{"line":372,"column":null}},"190":{"start":{"line":373,"column":4},"end":{"line":375,"column":null}},"191":{"start":{"line":374,"column":6},"end":{"line":374,"column":null}},"192":{"start":{"line":377,"column":28},"end":{"line":377,"column":null}},"193":{"start":{"line":378,"column":4},"end":{"line":384,"column":null}},"194":{"start":{"line":379,"column":6},"end":{"line":379,"column":null}},"195":{"start":{"line":380,"column":6},"end":{"line":380,"column":null}},"196":{"start":{"line":381,"column":6},"end":{"line":381,"column":null}},"197":{"start":{"line":382,"column":6},"end":{"line":382,"column":null}},"198":{"start":{"line":383,"column":6},"end":{"line":383,"column":null}},"199":{"start":{"line":386,"column":4},"end":{"line":390,"column":null}},"200":{"start":{"line":393,"column":2},"end":{"line":396,"column":null}},"201":{"start":{"line":394,"column":4},"end":{"line":394,"column":null}},"202":{"start":{"line":395,"column":4},"end":{"line":395,"column":null}},"203":{"start":{"line":398,"column":8},"end":{"line":414,"column":null}},"204":{"start":{"line":399,"column":16},"end":{"line":399,"column":null}},"205":{"start":{"line":400,"column":4},"end":{"line":402,"column":null}},"206":{"start":{"line":401,"column":6},"end":{"line":401,"column":null}},"207":{"start":{"line":404,"column":16},"end":{"line":404,"column":null}},"208":{"start":{"line":405,"column":4},"end":{"line":407,"column":null}},"209":{"start":{"line":406,"column":6},"end":{"line":406,"column":null}},"210":{"start":{"line":409,"column":18},"end":{"line":409,"column":null}},"211":{"start":{"line":410,"column":4},"end":{"line":410,"column":null}},"212":{"start":{"line":411,"column":4},"end":{"line":411,"column":null}},"213":{"start":{"line":412,"column":24},"end":{"line":412,"column":null}},"214":{"start":{"line":413,"column":4},"end":{"line":413,"column":null}},"215":{"start":{"line":416,"column":66},"end":{"line":429,"column":null}},"216":{"start":{"line":423,"column":6},"end":{"line":427,"column":null}},"217":{"start":{"line":431,"column":70},"end":{"line":438,"column":null}},"218":{"start":{"line":436,"column":6},"end":{"line":436,"column":null}},"219":{"start":{"line":445,"column":2},"end":{"line":452,"column":null}},"220":{"start":{"line":454,"column":8},"end":{"line":462,"column":null}},"221":{"start":{"line":456,"column":6},"end":{"line":458,"column":null}},"222":{"start":{"line":457,"column":8},"end":{"line":457,"column":null}},"223":{"start":{"line":459,"column":6},"end":{"line":459,"column":null}},"224":{"start":{"line":464,"column":8},"end":{"line":475,"column":null}},"225":{"start":{"line":465,"column":4},"end":{"line":467,"column":null}},"226":{"start":{"line":466,"column":6},"end":{"line":466,"column":null}},"227":{"start":{"line":469,"column":4},"end":{"line":471,"column":null}},"228":{"start":{"line":470,"column":6},"end":{"line":470,"column":null}},"229":{"start":{"line":473,"column":4},"end":{"line":473,"column":null}},"230":{"start":{"line":474,"column":4},"end":{"line":474,"column":null}},"231":{"start":{"line":477,"column":8},"end":{"line":490,"column":null}},"232":{"start":{"line":478,"column":4},"end":{"line":481,"column":null}},"233":{"start":{"line":479,"column":6},"end":{"line":479,"column":null}},"234":{"start":{"line":480,"column":6},"end":{"line":480,"column":null}},"235":{"start":{"line":483,"column":27},"end":{"line":483,"column":null}},"236":{"start":{"line":484,"column":4},"end":{"line":487,"column":null}},"237":{"start":{"line":485,"column":6},"end":{"line":485,"column":null}},"238":{"start":{"line":486,"column":6},"end":{"line":486,"column":null}},"239":{"start":{"line":489,"column":4},"end":{"line":489,"column":null}},"240":{"start":{"line":492,"column":8},"end":{"line":512,"column":null}},"241":{"start":{"line":493,"column":4},"end":{"line":495,"column":null}},"242":{"start":{"line":494,"column":6},"end":{"line":494,"column":null}},"243":{"start":{"line":497,"column":28},"end":{"line":497,"column":null}},"244":{"start":{"line":498,"column":4},"end":{"line":500,"column":null}},"245":{"start":{"line":499,"column":6},"end":{"line":499,"column":null}},"246":{"start":{"line":502,"column":4},"end":{"line":507,"column":null}},"247":{"start":{"line":509,"column":4},"end":{"line":509,"column":null}},"248":{"start":{"line":510,"column":4},"end":{"line":510,"column":null}},"249":{"start":{"line":511,"column":4},"end":{"line":511,"column":null}},"250":{"start":{"line":514,"column":8},"end":{"line":562,"column":null}},"251":{"start":{"line":515,"column":28},"end":{"line":515,"column":null}},"252":{"start":{"line":516,"column":4},"end":{"line":518,"column":null}},"253":{"start":{"line":517,"column":6},"end":{"line":517,"column":null}},"254":{"start":{"line":520,"column":28},"end":{"line":524,"column":null}},"255":{"start":{"line":526,"column":4},"end":{"line":537,"column":null}},"256":{"start":{"line":527,"column":6},"end":{"line":527,"column":null}},"257":{"start":{"line":528,"column":6},"end":{"line":528,"column":null}},"258":{"start":{"line":529,"column":6},"end":{"line":529,"column":null}},"259":{"start":{"line":530,"column":6},"end":{"line":530,"column":null}},"260":{"start":{"line":531,"column":6},"end":{"line":535,"column":null}},"261":{"start":{"line":536,"column":6},"end":{"line":536,"column":null}},"262":{"start":{"line":539,"column":4},"end":{"line":539,"column":null}},"263":{"start":{"line":540,"column":4},"end":{"line":540,"column":null}},"264":{"start":{"line":542,"column":17},"end":{"line":542,"column":null}},"265":{"start":{"line":543,"column":21},"end":{"line":543,"column":null}},"266":{"start":{"line":544,"column":21},"end":{"line":544,"column":null}},"267":{"start":{"line":545,"column":28},"end":{"line":545,"column":null}},"268":{"start":{"line":546,"column":21},"end":{"line":546,"column":null}},"269":{"start":{"line":547,"column":4},"end":{"line":549,"column":null}},"270":{"start":{"line":548,"column":6},"end":{"line":548,"column":null}},"271":{"start":{"line":551,"column":10},"end":{"line":551,"column":null}},"272":{"start":{"line":552,"column":10},"end":{"line":552,"column":null}},"273":{"start":{"line":553,"column":40},"end":{"line":557,"column":null}},"274":{"start":{"line":559,"column":4},"end":{"line":559,"column":null}},"275":{"start":{"line":560,"column":4},"end":{"line":560,"column":null}},"276":{"start":{"line":561,"column":4},"end":{"line":561,"column":null}},"277":{"start":{"line":564,"column":2},"end":{"line":575,"column":null}},"278":{"start":{"line":565,"column":28},"end":{"line":565,"column":null}},"279":{"start":{"line":566,"column":4},"end":{"line":568,"column":null}},"280":{"start":{"line":567,"column":6},"end":{"line":567,"column":null}},"281":{"start":{"line":570,"column":4},"end":{"line":570,"column":null}},"282":{"start":{"line":572,"column":4},"end":{"line":574,"column":null}},"283":{"start":{"line":573,"column":6},"end":{"line":573,"column":null}},"284":{"start":{"line":577,"column":8},"end":{"line":579,"column":null}},"285":{"start":{"line":578,"column":4},"end":{"line":578,"column":null}},"286":{"start":{"line":581,"column":8},"end":{"line":590,"column":null}},"287":{"start":{"line":582,"column":4},"end":{"line":584,"column":null}},"288":{"start":{"line":583,"column":6},"end":{"line":583,"column":null}},"289":{"start":{"line":586,"column":4},"end":{"line":586,"column":null}},"290":{"start":{"line":587,"column":4},"end":{"line":587,"column":null}},"291":{"start":{"line":588,"column":4},"end":{"line":588,"column":null}},"292":{"start":{"line":589,"column":4},"end":{"line":589,"column":null}},"293":{"start":{"line":592,"column":8},"end":{"line":601,"column":null}},"294":{"start":{"line":593,"column":4},"end":{"line":595,"column":null}},"295":{"start":{"line":594,"column":6},"end":{"line":594,"column":null}},"296":{"start":{"line":597,"column":4},"end":{"line":597,"column":null}},"297":{"start":{"line":598,"column":4},"end":{"line":598,"column":null}},"298":{"start":{"line":599,"column":4},"end":{"line":599,"column":null}},"299":{"start":{"line":600,"column":4},"end":{"line":600,"column":null}},"300":{"start":{"line":603,"column":8},"end":{"line":629,"column":null}},"301":{"start":{"line":604,"column":10},"end":{"line":604,"column":null}},"302":{"start":{"line":605,"column":4},"end":{"line":607,"column":null}},"303":{"start":{"line":606,"column":6},"end":{"line":606,"column":null}},"304":{"start":{"line":609,"column":19},"end":{"line":609,"column":null}},"305":{"start":{"line":609,"column":49},"end":{"line":609,"column":69}},"306":{"start":{"line":610,"column":4},"end":{"line":612,"column":null}},"307":{"start":{"line":611,"column":6},"end":{"line":611,"column":null}},"308":{"start":{"line":614,"column":4},"end":{"line":616,"column":null}},"309":{"start":{"line":615,"column":6},"end":{"line":615,"column":null}},"310":{"start":{"line":618,"column":4},"end":{"line":618,"column":null}},"311":{"start":{"line":619,"column":4},"end":{"line":619,"column":null}},"312":{"start":{"line":620,"column":4},"end":{"line":620,"column":null}},"313":{"start":{"line":621,"column":4},"end":{"line":621,"column":null}},"314":{"start":{"line":622,"column":4},"end":{"line":622,"column":null}},"315":{"start":{"line":631,"column":8},"end":{"line":663,"column":null}},"316":{"start":{"line":632,"column":4},"end":{"line":634,"column":null}},"317":{"start":{"line":633,"column":6},"end":{"line":633,"column":null}},"318":{"start":{"line":636,"column":27},"end":{"line":636,"column":null}},"319":{"start":{"line":637,"column":4},"end":{"line":641,"column":null}},"320":{"start":{"line":638,"column":6},"end":{"line":638,"column":null}},"321":{"start":{"line":639,"column":6},"end":{"line":639,"column":null}},"322":{"start":{"line":640,"column":6},"end":{"line":640,"column":null}},"323":{"start":{"line":643,"column":4},"end":{"line":651,"column":null}},"324":{"start":{"line":644,"column":28},"end":{"line":644,"column":null}},"325":{"start":{"line":645,"column":12},"end":{"line":645,"column":null}},"326":{"start":{"line":646,"column":6},"end":{"line":650,"column":null}},"327":{"start":{"line":647,"column":8},"end":{"line":647,"column":null}},"328":{"start":{"line":648,"column":8},"end":{"line":648,"column":null}},"329":{"start":{"line":649,"column":8},"end":{"line":649,"column":null}},"330":{"start":{"line":653,"column":4},"end":{"line":653,"column":null}},"331":{"start":{"line":665,"column":8},"end":{"line":674,"column":null}},"332":{"start":{"line":666,"column":4},"end":{"line":668,"column":null}},"333":{"start":{"line":667,"column":6},"end":{"line":667,"column":null}},"334":{"start":{"line":670,"column":4},"end":{"line":670,"column":null}},"335":{"start":{"line":671,"column":4},"end":{"line":671,"column":null}},"336":{"start":{"line":672,"column":4},"end":{"line":672,"column":null}},"337":{"start":{"line":673,"column":4},"end":{"line":673,"column":null}},"338":{"start":{"line":676,"column":26},"end":{"line":688,"column":null}},"339":{"start":{"line":677,"column":4},"end":{"line":679,"column":null}},"340":{"start":{"line":678,"column":6},"end":{"line":678,"column":null}},"341":{"start":{"line":681,"column":18},"end":{"line":681,"column":null}},"342":{"start":{"line":682,"column":10},"end":{"line":682,"column":null}},"343":{"start":{"line":683,"column":4},"end":{"line":683,"column":null}},"344":{"start":{"line":684,"column":4},"end":{"line":684,"column":null}},"345":{"start":{"line":685,"column":4},"end":{"line":685,"column":null}},"346":{"start":{"line":686,"column":4},"end":{"line":686,"column":null}},"347":{"start":{"line":687,"column":4},"end":{"line":687,"column":null}},"348":{"start":{"line":690,"column":23},"end":{"line":694,"column":null}},"349":{"start":{"line":691,"column":10},"end":{"line":691,"column":null}},"350":{"start":{"line":692,"column":4},"end":{"line":692,"column":null}},"351":{"start":{"line":693,"column":4},"end":{"line":693,"column":null}},"352":{"start":{"line":696,"column":27},"end":{"line":698,"column":null}},"353":{"start":{"line":697,"column":4},"end":{"line":697,"column":null}},"354":{"start":{"line":700,"column":8},"end":{"line":706,"column":null}},"355":{"start":{"line":701,"column":4},"end":{"line":701,"column":null}},"356":{"start":{"line":702,"column":4},"end":{"line":702,"column":null}},"357":{"start":{"line":703,"column":4},"end":{"line":703,"column":null}},"358":{"start":{"line":704,"column":4},"end":{"line":704,"column":null}},"359":{"start":{"line":705,"column":4},"end":{"line":705,"column":null}},"360":{"start":{"line":708,"column":31},"end":{"line":729,"column":null}},"361":{"start":{"line":709,"column":25},"end":{"line":709,"column":null}},"362":{"start":{"line":710,"column":10},"end":{"line":713,"column":null}},"363":{"start":{"line":715,"column":4},"end":{"line":728,"column":null}},"364":{"start":{"line":716,"column":6},"end":{"line":718,"column":null}},"365":{"start":{"line":717,"column":8},"end":{"line":717,"column":null}},"366":{"start":{"line":720,"column":6},"end":{"line":727,"column":null}},"367":{"start":{"line":731,"column":23},"end":{"line":751,"column":null}},"368":{"start":{"line":732,"column":17},"end":{"line":732,"column":null}},"369":{"start":{"line":733,"column":4},"end":{"line":733,"column":null}},"370":{"start":{"line":734,"column":4},"end":{"line":736,"column":null}},"371":{"start":{"line":735,"column":6},"end":{"line":735,"column":null}},"372":{"start":{"line":738,"column":17},"end":{"line":738,"column":null}},"373":{"start":{"line":739,"column":10},"end":{"line":739,"column":null}},"374":{"start":{"line":741,"column":4},"end":{"line":744,"column":null}},"375":{"start":{"line":742,"column":6},"end":{"line":742,"column":null}},"376":{"start":{"line":743,"column":6},"end":{"line":743,"column":null}},"377":{"start":{"line":746,"column":4},"end":{"line":748,"column":null}},"378":{"start":{"line":747,"column":6},"end":{"line":747,"column":null}},"379":{"start":{"line":750,"column":4},"end":{"line":750,"column":null}},"380":{"start":{"line":753,"column":8},"end":{"line":768,"column":null}},"381":{"start":{"line":754,"column":19},"end":{"line":754,"column":null}},"382":{"start":{"line":755,"column":4},"end":{"line":758,"column":null}},"383":{"start":{"line":756,"column":6},"end":{"line":756,"column":null}},"384":{"start":{"line":757,"column":6},"end":{"line":757,"column":null}},"385":{"start":{"line":760,"column":4},"end":{"line":762,"column":null}},"386":{"start":{"line":761,"column":6},"end":{"line":761,"column":null}},"387":{"start":{"line":764,"column":4},"end":{"line":767,"column":null}},"388":{"start":{"line":770,"column":31},"end":{"line":772,"column":null}},"389":{"start":{"line":771,"column":4},"end":{"line":771,"column":null}},"390":{"start":{"line":771,"column":37},"end":{"line":771,"column":108}},"391":{"start":{"line":771,"column":72},"end":{"line":771,"column":107}},"392":{"start":{"line":774,"column":8},"end":{"line":785,"column":null}},"393":{"start":{"line":775,"column":20},"end":{"line":775,"column":null}},"394":{"start":{"line":776,"column":4},"end":{"line":778,"column":null}},"395":{"start":{"line":777,"column":6},"end":{"line":777,"column":null}},"396":{"start":{"line":780,"column":22},"end":{"line":780,"column":null}},"397":{"start":{"line":781,"column":4},"end":{"line":781,"column":null}},"398":{"start":{"line":782,"column":4},"end":{"line":784,"column":null}},"399":{"start":{"line":783,"column":6},"end":{"line":783,"column":null}},"400":{"start":{"line":787,"column":8},"end":{"line":805,"column":null}},"401":{"start":{"line":788,"column":4},"end":{"line":803,"column":null}},"402":{"start":{"line":789,"column":24},"end":{"line":789,"column":null}},"403":{"start":{"line":789,"column":55},"end":{"line":789,"column":115}},"404":{"start":{"line":790,"column":6},"end":{"line":802,"column":null}},"405":{"start":{"line":801,"column":58},"end":{"line":801,"column":66}},"406":{"start":{"line":804,"column":4},"end":{"line":804,"column":null}},"407":{"start":{"line":807,"column":8},"end":{"line":821,"column":null}},"408":{"start":{"line":808,"column":4},"end":{"line":811,"column":null}},"409":{"start":{"line":809,"column":6},"end":{"line":809,"column":null}},"410":{"start":{"line":810,"column":6},"end":{"line":810,"column":null}},"411":{"start":{"line":813,"column":19},"end":{"line":813,"column":null}},"412":{"start":{"line":814,"column":4},"end":{"line":817,"column":null}},"413":{"start":{"line":815,"column":6},"end":{"line":815,"column":null}},"414":{"start":{"line":816,"column":6},"end":{"line":816,"column":null}},"415":{"start":{"line":819,"column":4},"end":{"line":819,"column":null}},"416":{"start":{"line":820,"column":4},"end":{"line":820,"column":null}},"417":{"start":{"line":823,"column":8},"end":{"line":859,"column":null}},"418":{"start":{"line":824,"column":4},"end":{"line":827,"column":null}},"419":{"start":{"line":825,"column":6},"end":{"line":825,"column":null}},"420":{"start":{"line":826,"column":6},"end":{"line":826,"column":null}},"421":{"start":{"line":829,"column":18},"end":{"line":829,"column":null}},"422":{"start":{"line":830,"column":4},"end":{"line":833,"column":null}},"423":{"start":{"line":831,"column":6},"end":{"line":831,"column":null}},"424":{"start":{"line":832,"column":6},"end":{"line":832,"column":null}},"425":{"start":{"line":835,"column":10},"end":{"line":835,"column":null}},"426":{"start":{"line":836,"column":21},"end":{"line":839,"column":null}},"427":{"start":{"line":837,"column":6},"end":{"line":838,"column":null}},"428":{"start":{"line":840,"column":19},"end":{"line":844,"column":null}},"429":{"start":{"line":846,"column":4},"end":{"line":852,"column":null}},"430":{"start":{"line":847,"column":6},"end":{"line":851,"column":null}},"431":{"start":{"line":847,"column":31},"end":{"line":851,"column":8}},"432":{"start":{"line":854,"column":4},"end":{"line":854,"column":null}},"433":{"start":{"line":855,"column":4},"end":{"line":855,"column":null}},"434":{"start":{"line":856,"column":4},"end":{"line":858,"column":null}},"435":{"start":{"line":861,"column":8},"end":{"line":866,"column":null}},"436":{"start":{"line":862,"column":4},"end":{"line":862,"column":null}},"437":{"start":{"line":862,"column":38},"end":{"line":862,"column":98}},"438":{"start":{"line":862,"column":69},"end":{"line":862,"column":97}},"439":{"start":{"line":863,"column":4},"end":{"line":865,"column":null}},"440":{"start":{"line":864,"column":6},"end":{"line":864,"column":null}},"441":{"start":{"line":868,"column":8},"end":{"line":873,"column":null}},"442":{"start":{"line":869,"column":4},"end":{"line":869,"column":null}},"443":{"start":{"line":870,"column":4},"end":{"line":870,"column":null}},"444":{"start":{"line":871,"column":31},"end":{"line":871,"column":null}},"445":{"start":{"line":872,"column":4},"end":{"line":872,"column":null}},"446":{"start":{"line":875,"column":28},"end":{"line":877,"column":null}},"447":{"start":{"line":876,"column":4},"end":{"line":876,"column":null}},"448":{"start":{"line":876,"column":37},"end":{"line":876,"column":54}},"449":{"start":{"line":879,"column":31},"end":{"line":888,"column":null}},"450":{"start":{"line":880,"column":4},"end":{"line":887,"column":null}},"451":{"start":{"line":881,"column":6},"end":{"line":883,"column":null}},"452":{"start":{"line":882,"column":8},"end":{"line":882,"column":null}},"453":{"start":{"line":885,"column":19},"end":{"line":885,"column":null}},"454":{"start":{"line":885,"column":53},"end":{"line":885,"column":72}},"455":{"start":{"line":886,"column":6},"end":{"line":886,"column":null}},"456":{"start":{"line":890,"column":27},"end":{"line":930,"column":null}},"457":{"start":{"line":891,"column":4},"end":{"line":891,"column":null}},"458":{"start":{"line":893,"column":4},"end":{"line":912,"column":null}},"459":{"start":{"line":894,"column":12},"end":{"line":894,"column":null}},"460":{"start":{"line":895,"column":6},"end":{"line":898,"column":null}},"461":{"start":{"line":896,"column":8},"end":{"line":896,"column":null}},"462":{"start":{"line":897,"column":8},"end":{"line":897,"column":null}},"463":{"start":{"line":900,"column":6},"end":{"line":900,"column":null}},"464":{"start":{"line":901,"column":26},"end":{"line":901,"column":null}},"465":{"start":{"line":901,"column":65},"end":{"line":901,"column":94}},"466":{"start":{"line":902,"column":6},"end":{"line":904,"column":null}},"467":{"start":{"line":903,"column":8},"end":{"line":903,"column":null}},"468":{"start":{"line":906,"column":6},"end":{"line":908,"column":null}},"469":{"start":{"line":907,"column":8},"end":{"line":907,"column":null}},"470":{"start":{"line":910,"column":6},"end":{"line":910,"column":null}},"471":{"start":{"line":911,"column":6},"end":{"line":911,"column":null}},"472":{"start":{"line":914,"column":10},"end":{"line":914,"column":null}},"473":{"start":{"line":915,"column":4},"end":{"line":918,"column":null}},"474":{"start":{"line":916,"column":6},"end":{"line":916,"column":null}},"475":{"start":{"line":917,"column":6},"end":{"line":917,"column":null}},"476":{"start":{"line":920,"column":4},"end":{"line":920,"column":null}},"477":{"start":{"line":921,"column":4},"end":{"line":921,"column":null}},"478":{"start":{"line":923,"column":4},"end":{"line":927,"column":null}},"479":{"start":{"line":924,"column":6},"end":{"line":924,"column":null}},"480":{"start":{"line":925,"column":6},"end":{"line":925,"column":null}},"481":{"start":{"line":926,"column":6},"end":{"line":926,"column":null}},"482":{"start":{"line":929,"column":4},"end":{"line":929,"column":null}},"483":{"start":{"line":932,"column":29},"end":{"line":952,"column":null}},"484":{"start":{"line":933,"column":4},"end":{"line":935,"column":null}},"485":{"start":{"line":934,"column":6},"end":{"line":934,"column":null}},"486":{"start":{"line":937,"column":4},"end":{"line":939,"column":null}},"487":{"start":{"line":938,"column":6},"end":{"line":938,"column":null}},"488":{"start":{"line":941,"column":10},"end":{"line":941,"column":null}},"489":{"start":{"line":942,"column":4},"end":{"line":945,"column":null}},"490":{"start":{"line":943,"column":6},"end":{"line":943,"column":null}},"491":{"start":{"line":944,"column":6},"end":{"line":944,"column":null}},"492":{"start":{"line":947,"column":4},"end":{"line":947,"column":null}},"493":{"start":{"line":948,"column":4},"end":{"line":948,"column":null}},"494":{"start":{"line":949,"column":4},"end":{"line":949,"column":null}},"495":{"start":{"line":950,"column":4},"end":{"line":950,"column":null}},"496":{"start":{"line":951,"column":4},"end":{"line":951,"column":null}},"497":{"start":{"line":954,"column":23},"end":{"line":956,"column":null}},"498":{"start":{"line":957,"column":26},"end":{"line":963,"column":null}},"499":{"start":{"line":962,"column":23},"end":{"line":962,"column":39}},"500":{"start":{"line":965,"column":2},"end":{"line":1312,"column":null}},"501":{"start":{"line":993,"column":18},"end":{"line":1010,"column":null}},"502":{"start":{"line":999,"column":43},"end":{"line":999,"column":null}},"503":{"start":{"line":1005,"column":37},"end":{"line":1005,"column":null}},"504":{"start":{"line":1022,"column":37},"end":{"line":1022,"column":null}},"505":{"start":{"line":1041,"column":20},"end":{"line":1050,"column":null}},"506":{"start":{"line":1045,"column":37},"end":{"line":1045,"column":null}},"507":{"start":{"line":1059,"column":39},"end":{"line":1059,"column":null}},"508":{"start":{"line":1068,"column":43},"end":{"line":1068,"column":null}},"509":{"start":{"line":1076,"column":20},"end":{"line":1085,"column":null}},"510":{"start":{"line":1080,"column":37},"end":{"line":1080,"column":null}},"511":{"start":{"line":1109,"column":35},"end":{"line":1109,"column":null}},"512":{"start":{"line":1110,"column":26},"end":{"line":1110,"column":null}},"513":{"start":{"line":1111,"column":20},"end":{"line":1113,"column":null}},"514":{"start":{"line":1112,"column":22},"end":{"line":1112,"column":null}},"515":{"start":{"line":1115,"column":20},"end":{"line":1125,"column":null}},"516":{"start":{"line":1117,"column":93},"end":{"line":1117,"column":null}},"517":{"start":{"line":1122,"column":95},"end":{"line":1122,"column":132}},"518":{"start":{"line":1137,"column":53},"end":{"line":1137,"column":95}},"519":{"start":{"line":1161,"column":29},"end":{"line":1161,"column":null}},"520":{"start":{"line":1161,"column":63},"end":{"line":1161,"column":71}},"521":{"start":{"line":1168,"column":29},"end":{"line":1168,"column":null}},"522":{"start":{"line":1168,"column":64},"end":{"line":1168,"column":72}},"523":{"start":{"line":1210,"column":51},"end":{"line":1210,"column":null}},"524":{"start":{"line":1210,"column":74},"end":{"line":1210,"column":113}},"525":{"start":{"line":1223,"column":39},"end":{"line":1223,"column":null}},"526":{"start":{"line":1234,"column":39},"end":{"line":1234,"column":null}},"527":{"start":{"line":1242,"column":31},"end":{"line":1242,"column":null}},"528":{"start":{"line":1242,"column":66},"end":{"line":1242,"column":74}},"529":{"start":{"line":1251,"column":22},"end":{"line":1255,"column":null}},"530":{"start":{"line":1279,"column":33},"end":{"line":1279,"column":null}},"531":{"start":{"line":1281,"column":16},"end":{"line":1304,"column":null}},"532":{"start":{"line":1287,"column":39},"end":{"line":1287,"column":null}},"533":{"start":{"line":1300,"column":61},"end":{"line":1300,"column":89}},"534":{"start":{"line":1301,"column":61},"end":{"line":1301,"column":96}}},"fnMap":{"0":{"name":"emptyNarratorDraft","decl":{"start":{"line":65,"column":9},"end":{"line":65,"column":40}},"loc":{"start":{"line":65,"column":40},"end":{"line":67,"column":null}},"line":65},"1":{"name":"normalizeDraftText","decl":{"start":{"line":69,"column":9},"end":{"line":69,"column":28}},"loc":{"start":{"line":69,"column":51},"end":{"line":71,"column":null}},"line":69},"2":{"name":"normalizeDraftMatn","decl":{"start":{"line":73,"column":9},"end":{"line":73,"column":28}},"loc":{"start":{"line":73,"column":51},"end":{"line":80,"column":null}},"line":73},"3":{"name":"(anonymous_3)","decl":{"start":{"line":77,"column":9},"end":{"line":77,"column":10}},"loc":{"start":{"line":77,"column":19},"end":{"line":77,"column":56}},"line":77},"4":{"name":"normalizeDraftNarrators","decl":{"start":{"line":82,"column":9},"end":{"line":82,"column":33}},"loc":{"start":{"line":82,"column":61},"end":{"line":86,"column":null}},"line":82},"5":{"name":"(anonymous_5)","decl":{"start":{"line":84,"column":9},"end":{"line":84,"column":10}},"loc":{"start":{"line":84,"column":20},"end":{"line":84,"column":45}},"line":84},"6":{"name":"(anonymous_6)","decl":{"start":{"line":85,"column":12},"end":{"line":85,"column":13}},"loc":{"start":{"line":85,"column":23},"end":{"line":85,"column":39}},"line":85},"7":{"name":"arraysEqual","decl":{"start":{"line":88,"column":9},"end":{"line":88,"column":21}},"loc":{"start":{"line":88,"column":63},"end":{"line":90,"column":null}},"line":88},"8":{"name":"(anonymous_8)","decl":{"start":{"line":89,"column":52},"end":{"line":89,"column":53}},"loc":{"start":{"line":89,"column":70},"end":{"line":89,"column":92}},"line":89},"9":{"name":"idSetsEqual","decl":{"start":{"line":92,"column":9},"end":{"line":92,"column":21}},"loc":{"start":{"line":92,"column":63},"end":{"line":99,"column":null}},"line":92},"10":{"name":"(anonymous_10)","decl":{"start":{"line":98,"column":20},"end":{"line":98,"column":21}},"loc":{"start":{"line":98,"column":31},"end":{"line":98,"column":50}},"line":98},"11":{"name":"downloadJson","decl":{"start":{"line":101,"column":9},"end":{"line":101,"column":22}},"loc":{"start":{"line":101,"column":64},"end":{"line":111,"column":null}},"line":101},"12":{"name":"createClientId","decl":{"start":{"line":113,"column":9},"end":{"line":113,"column":34}},"loc":{"start":{"line":113,"column":34},"end":{"line":118,"column":null}},"line":113},"13":{"name":"highlightsEqual","decl":{"start":{"line":120,"column":9},"end":{"line":120,"column":25}},"loc":{"start":{"line":120,"column":81},"end":{"line":128,"column":null}},"line":120},"14":{"name":"(anonymous_14)","decl":{"start":{"line":122,"column":18},"end":{"line":122,"column":19}},"loc":{"start":{"line":123,"column":6},"end":{"line":126,"column":null}},"line":123},"15":{"name":"getSelectionRangeWithin","decl":{"start":{"line":130,"column":9},"end":{"line":130,"column":33}},"loc":{"start":{"line":130,"column":75},"end":{"line":152,"column":null}},"line":130},"16":{"name":"getInitialTheme","decl":{"start":{"line":154,"column":9},"end":{"line":154,"column":38}},"loc":{"start":{"line":154,"column":38},"end":{"line":165,"column":null}},"line":154},"17":{"name":"getValidatedExampleBundle","decl":{"start":{"line":167,"column":9},"end":{"line":167,"column":80}},"loc":{"start":{"line":167,"column":80},"end":{"line":169,"column":null}},"line":167},"18":{"name":"App","decl":{"start":{"line":171,"column":9},"end":{"line":171,"column":15}},"loc":{"start":{"line":171,"column":15},"end":{"line":1314,"column":null}},"line":171},"19":{"name":"(anonymous_19)","decl":{"start":{"line":172,"column":53},"end":{"line":172,"column":59}},"loc":{"start":{"line":172,"column":53},"end":{"line":172,"column":96}},"line":172},"20":{"name":"(anonymous_20)","decl":{"start":{"line":173,"column":67},"end":{"line":173,"column":73}},"loc":{"start":{"line":173,"column":73},"end":{"line":173,"column":93}},"line":173},"21":{"name":"(anonymous_21)","decl":{"start":{"line":181,"column":48},"end":{"line":181,"column":54}},"loc":{"start":{"line":181,"column":54},"end":{"line":181,"column":71}},"line":181},"22":{"name":"(anonymous_22)","decl":{"start":{"line":199,"column":4},"end":{"line":199,"column":10}},"loc":{"start":{"line":199,"column":4},"end":{"line":205,"column":null}},"line":199},"23":{"name":"(anonymous_23)","decl":{"start":{"line":209,"column":30},"end":{"line":209,"column":36}},"loc":{"start":{"line":209,"column":36},"end":{"line":209,"column":62}},"line":209},"24":{"name":"(anonymous_24)","decl":{"start":{"line":212,"column":4},"end":{"line":212,"column":10}},"loc":{"start":{"line":212,"column":10},"end":{"line":212,"column":null}},"line":212},"25":{"name":"(anonymous_25)","decl":{"start":{"line":212,"column":30},"end":{"line":212,"column":31}},"loc":{"start":{"line":212,"column":42},"end":{"line":212,"column":71}},"line":212},"26":{"name":"(anonymous_26)","decl":{"start":{"line":216,"column":4},"end":{"line":216,"column":10}},"loc":{"start":{"line":216,"column":10},"end":{"line":216,"column":null}},"line":216},"27":{"name":"(anonymous_27)","decl":{"start":{"line":221,"column":4},"end":{"line":221,"column":11}},"loc":{"start":{"line":221,"column":11},"end":{"line":221,"column":null}},"line":221},"28":{"name":"(anonymous_28)","decl":{"start":{"line":221,"column":54},"end":{"line":221,"column":55}},"loc":{"start":{"line":221,"column":66},"end":{"line":221,"column":95}},"line":221},"29":{"name":"(anonymous_29)","decl":{"start":{"line":225,"column":43},"end":{"line":225,"column":49}},"loc":{"start":{"line":225,"column":49},"end":{"line":225,"column":91}},"line":225},"30":{"name":"(anonymous_30)","decl":{"start":{"line":226,"column":38},"end":{"line":226,"column":44}},"loc":{"start":{"line":226,"column":44},"end":{"line":226,"column":76}},"line":226},"31":{"name":"(anonymous_31)","decl":{"start":{"line":228,"column":4},"end":{"line":228,"column":10}},"loc":{"start":{"line":228,"column":10},"end":{"line":228,"column":null}},"line":228},"32":{"name":"(anonymous_32)","decl":{"start":{"line":228,"column":45},"end":{"line":228,"column":46}},"loc":{"start":{"line":228,"column":56},"end":{"line":228,"column":73}},"line":228},"33":{"name":"(anonymous_33)","decl":{"start":{"line":231,"column":39},"end":{"line":231,"column":45}},"loc":{"start":{"line":231,"column":45},"end":{"line":239,"column":5}},"line":231},"34":{"name":"(anonymous_34)","decl":{"start":{"line":233,"column":27},"end":{"line":233,"column":28}},"loc":{"start":{"line":233,"column":39},"end":{"line":237,"column":5}},"line":233},"35":{"name":"(anonymous_35)","decl":{"start":{"line":234,"column":36},"end":{"line":234,"column":37}},"loc":{"start":{"line":234,"column":51},"end":{"line":236,"column":7}},"line":234},"36":{"name":"(anonymous_36)","decl":{"start":{"line":241,"column":32},"end":{"line":241,"column":38}},"loc":{"start":{"line":241,"column":38},"end":{"line":251,"column":5}},"line":241},"37":{"name":"(anonymous_37)","decl":{"start":{"line":253,"column":34},"end":{"line":253,"column":46}},"loc":{"start":{"line":253,"column":46},"end":{"line":260,"column":5}},"line":253},"38":{"name":"(anonymous_38)","decl":{"start":{"line":262,"column":43},"end":{"line":262,"column":44}},"loc":{"start":{"line":262,"column":75},"end":{"line":269,"column":5}},"line":262},"39":{"name":"(anonymous_39)","decl":{"start":{"line":266,"column":50},"end":{"line":266,"column":51}},"loc":{"start":{"line":266,"column":66},"end":{"line":266,"column":83}},"line":266},"40":{"name":"(anonymous_40)","decl":{"start":{"line":271,"column":47},"end":{"line":271,"column":48}},"loc":{"start":{"line":271,"column":79},"end":{"line":278,"column":5}},"line":271},"41":{"name":"(anonymous_41)","decl":{"start":{"line":275,"column":50},"end":{"line":275,"column":51}},"loc":{"start":{"line":275,"column":66},"end":{"line":275,"column":83}},"line":275},"42":{"name":"(anonymous_42)","decl":{"start":{"line":280,"column":50},"end":{"line":280,"column":65}},"loc":{"start":{"line":280,"column":65},"end":{"line":286,"column":5}},"line":280},"43":{"name":"(anonymous_43)","decl":{"start":{"line":288,"column":12},"end":{"line":288,"column":18}},"loc":{"start":{"line":288,"column":18},"end":{"line":294,"column":5}},"line":288},"44":{"name":"(anonymous_44)","decl":{"start":{"line":289,"column":49},"end":{"line":289,"column":50}},"loc":{"start":{"line":289,"column":59},"end":{"line":289,"column":66}},"line":289},"45":{"name":"(anonymous_45)","decl":{"start":{"line":290,"column":23},"end":{"line":290,"column":24}},"loc":{"start":{"line":290,"column":37},"end":{"line":293,"column":5}},"line":290},"46":{"name":"(anonymous_46)","decl":{"start":{"line":291,"column":39},"end":{"line":291,"column":40}},"loc":{"start":{"line":291,"column":47},"end":{"line":291,"column":67}},"line":291},"47":{"name":"(anonymous_47)","decl":{"start":{"line":296,"column":12},"end":{"line":296,"column":18}},"loc":{"start":{"line":296,"column":18},"end":{"line":300,"column":5}},"line":296},"48":{"name":"(anonymous_48)","decl":{"start":{"line":302,"column":12},"end":{"line":302,"column":18}},"loc":{"start":{"line":302,"column":18},"end":{"line":308,"column":5}},"line":302},"49":{"name":"(anonymous_49)","decl":{"start":{"line":303,"column":62},"end":{"line":303,"column":63}},"loc":{"start":{"line":303,"column":73},"end":{"line":303,"column":81}},"line":303},"50":{"name":"(anonymous_50)","decl":{"start":{"line":304,"column":24},"end":{"line":304,"column":25}},"loc":{"start":{"line":304,"column":38},"end":{"line":307,"column":5}},"line":304},"51":{"name":"(anonymous_51)","decl":{"start":{"line":310,"column":12},"end":{"line":310,"column":18}},"loc":{"start":{"line":310,"column":18},"end":{"line":319,"column":5}},"line":310},"52":{"name":"(anonymous_52)","decl":{"start":{"line":311,"column":24},"end":{"line":311,"column":25}},"loc":{"start":{"line":311,"column":38},"end":{"line":318,"column":5}},"line":311},"53":{"name":"(anonymous_53)","decl":{"start":{"line":321,"column":12},"end":{"line":321,"column":18}},"loc":{"start":{"line":321,"column":18},"end":{"line":329,"column":5}},"line":321},"54":{"name":"(anonymous_54)","decl":{"start":{"line":326,"column":31},"end":{"line":326,"column":32}},"loc":{"start":{"line":326,"column":46},"end":{"line":326,"column":80}},"line":326},"55":{"name":"(anonymous_55)","decl":{"start":{"line":331,"column":12},"end":{"line":331,"column":18}},"loc":{"start":{"line":331,"column":18},"end":{"line":369,"column":5}},"line":331},"56":{"name":"(anonymous_56)","decl":{"start":{"line":336,"column":30},"end":{"line":336,"column":31}},"loc":{"start":{"line":336,"column":61},"end":{"line":353,"column":null}},"line":336},"57":{"name":"(anonymous_57)","decl":{"start":{"line":355,"column":22},"end":{"line":355,"column":34}},"loc":{"start":{"line":355,"column":34},"end":{"line":358,"column":null}},"line":355},"58":{"name":"(anonymous_58)","decl":{"start":{"line":364,"column":11},"end":{"line":364,"column":17}},"loc":{"start":{"line":364,"column":17},"end":{"line":368,"column":null}},"line":364},"59":{"name":"(anonymous_59)","decl":{"start":{"line":371,"column":18},"end":{"line":371,"column":24}},"loc":{"start":{"line":371,"column":24},"end":{"line":391,"column":5}},"line":371},"60":{"name":"(anonymous_60)","decl":{"start":{"line":393,"column":12},"end":{"line":393,"column":18}},"loc":{"start":{"line":393,"column":18},"end":{"line":396,"column":5}},"line":393},"61":{"name":"(anonymous_61)","decl":{"start":{"line":398,"column":39},"end":{"line":398,"column":40}},"loc":{"start":{"line":398,"column":110},"end":{"line":414,"column":5}},"line":398},"62":{"name":"(anonymous_62)","decl":{"start":{"line":422,"column":21},"end":{"line":422,"column":22}},"loc":{"start":{"line":422,"column":46},"end":{"line":428,"column":null}},"line":422},"63":{"name":"(anonymous_63)","decl":{"start":{"line":435,"column":23},"end":{"line":435,"column":29}},"loc":{"start":{"line":435,"column":29},"end":{"line":437,"column":null}},"line":435},"64":{"name":"(anonymous_64)","decl":{"start":{"line":455,"column":4},"end":{"line":455,"column":5}},"loc":{"start":{"line":455,"column":97},"end":{"line":460,"column":null}},"line":455},"65":{"name":"(anonymous_65)","decl":{"start":{"line":464,"column":49},"end":{"line":464,"column":64}},"loc":{"start":{"line":464,"column":64},"end":{"line":475,"column":5}},"line":464},"66":{"name":"(anonymous_66)","decl":{"start":{"line":477,"column":46},"end":{"line":477,"column":47}},"loc":{"start":{"line":477,"column":97},"end":{"line":490,"column":5}},"line":477},"67":{"name":"(anonymous_67)","decl":{"start":{"line":492,"column":45},"end":{"line":492,"column":46}},"loc":{"start":{"line":492,"column":97},"end":{"line":512,"column":5}},"line":492},"68":{"name":"(anonymous_68)","decl":{"start":{"line":514,"column":39},"end":{"line":514,"column":40}},"loc":{"start":{"line":514,"column":68},"end":{"line":562,"column":5}},"line":514},"69":{"name":"(anonymous_69)","decl":{"start":{"line":564,"column":12},"end":{"line":564,"column":18}},"loc":{"start":{"line":564,"column":18},"end":{"line":575,"column":5}},"line":564},"70":{"name":"(anonymous_70)","decl":{"start":{"line":572,"column":11},"end":{"line":572,"column":17}},"loc":{"start":{"line":572,"column":17},"end":{"line":574,"column":null}},"line":572},"71":{"name":"(anonymous_71)","decl":{"start":{"line":577,"column":45},"end":{"line":577,"column":46}},"loc":{"start":{"line":577,"column":95},"end":{"line":579,"column":5}},"line":577},"72":{"name":"(anonymous_72)","decl":{"start":{"line":581,"column":43},"end":{"line":581,"column":55}},"loc":{"start":{"line":581,"column":55},"end":{"line":590,"column":5}},"line":581},"73":{"name":"(anonymous_73)","decl":{"start":{"line":592,"column":41},"end":{"line":592,"column":42}},"loc":{"start":{"line":592,"column":73},"end":{"line":601,"column":5}},"line":592},"74":{"name":"(anonymous_74)","decl":{"start":{"line":603,"column":53},"end":{"line":603,"column":54}},"loc":{"start":{"line":603,"column":82},"end":{"line":623,"column":5}},"line":603},"75":{"name":"(anonymous_75)","decl":{"start":{"line":609,"column":39},"end":{"line":609,"column":40}},"loc":{"start":{"line":609,"column":49},"end":{"line":609,"column":69}},"line":609},"76":{"name":"(anonymous_76)","decl":{"start":{"line":631,"column":44},"end":{"line":631,"column":45}},"loc":{"start":{"line":631,"column":109},"end":{"line":654,"column":5}},"line":631},"77":{"name":"(anonymous_77)","decl":{"start":{"line":665,"column":48},"end":{"line":665,"column":49}},"loc":{"start":{"line":665,"column":80},"end":{"line":674,"column":5}},"line":665},"78":{"name":"(anonymous_78)","decl":{"start":{"line":676,"column":26},"end":{"line":676,"column":38}},"loc":{"start":{"line":676,"column":38},"end":{"line":688,"column":null}},"line":676},"79":{"name":"(anonymous_79)","decl":{"start":{"line":690,"column":23},"end":{"line":690,"column":35}},"loc":{"start":{"line":690,"column":35},"end":{"line":694,"column":null}},"line":690},"80":{"name":"(anonymous_80)","decl":{"start":{"line":696,"column":27},"end":{"line":696,"column":39}},"loc":{"start":{"line":696,"column":39},"end":{"line":698,"column":null}},"line":696},"81":{"name":"(anonymous_81)","decl":{"start":{"line":700,"column":40},"end":{"line":700,"column":41}},"loc":{"start":{"line":700,"column":100},"end":{"line":706,"column":5}},"line":700},"82":{"name":"(anonymous_82)","decl":{"start":{"line":708,"column":31},"end":{"line":708,"column":32}},"loc":{"start":{"line":708,"column":85},"end":{"line":729,"column":null}},"line":708},"83":{"name":"(anonymous_83)","decl":{"start":{"line":715,"column":14},"end":{"line":715,"column":15}},"loc":{"start":{"line":715,"column":28},"end":{"line":728,"column":5}},"line":715},"84":{"name":"(anonymous_84)","decl":{"start":{"line":731,"column":23},"end":{"line":731,"column":30}},"loc":{"start":{"line":731,"column":86},"end":{"line":751,"column":null}},"line":731},"85":{"name":"(anonymous_85)","decl":{"start":{"line":753,"column":40},"end":{"line":753,"column":52}},"loc":{"start":{"line":753,"column":52},"end":{"line":768,"column":5}},"line":753},"86":{"name":"(anonymous_86)","decl":{"start":{"line":770,"column":31},"end":{"line":770,"column":32}},"loc":{"start":{"line":770,"column":71},"end":{"line":772,"column":null}},"line":770},"87":{"name":"(anonymous_87)","decl":{"start":{"line":771,"column":23},"end":{"line":771,"column":24}},"loc":{"start":{"line":771,"column":37},"end":{"line":771,"column":108}},"line":771},"88":{"name":"(anonymous_88)","decl":{"start":{"line":771,"column":50},"end":{"line":771,"column":51}},"loc":{"start":{"line":771,"column":72},"end":{"line":771,"column":107}},"line":771},"89":{"name":"(anonymous_89)","decl":{"start":{"line":774,"column":46},"end":{"line":774,"column":58}},"loc":{"start":{"line":774,"column":58},"end":{"line":785,"column":5}},"line":774},"90":{"name":"(anonymous_90)","decl":{"start":{"line":787,"column":44},"end":{"line":787,"column":45}},"loc":{"start":{"line":787,"column":106},"end":{"line":805,"column":5}},"line":787},"91":{"name":"(anonymous_91)","decl":{"start":{"line":788,"column":24},"end":{"line":788,"column":25}},"loc":{"start":{"line":788,"column":38},"end":{"line":803,"column":5}},"line":788},"92":{"name":"(anonymous_92)","decl":{"start":{"line":789,"column":40},"end":{"line":789,"column":41}},"loc":{"start":{"line":789,"column":55},"end":{"line":789,"column":115}},"line":789},"93":{"name":"(anonymous_93)","decl":{"start":{"line":801,"column":47},"end":{"line":801,"column":48}},"loc":{"start":{"line":801,"column":58},"end":{"line":801,"column":66}},"line":801},"94":{"name":"(anonymous_94)","decl":{"start":{"line":807,"column":48},"end":{"line":807,"column":49}},"loc":{"start":{"line":807,"column":76},"end":{"line":821,"column":5}},"line":807},"95":{"name":"(anonymous_95)","decl":{"start":{"line":823,"column":49},"end":{"line":823,"column":61}},"loc":{"start":{"line":823,"column":61},"end":{"line":859,"column":5}},"line":823},"96":{"name":"(anonymous_96)","decl":{"start":{"line":836,"column":49},"end":{"line":836,"column":50}},"loc":{"start":{"line":837,"column":6},"end":{"line":838,"column":null}},"line":837},"97":{"name":"(anonymous_97)","decl":{"start":{"line":847,"column":16},"end":{"line":847,"column":17}},"loc":{"start":{"line":847,"column":31},"end":{"line":851,"column":8}},"line":847},"98":{"name":"(anonymous_98)","decl":{"start":{"line":861,"column":44},"end":{"line":861,"column":45}},"loc":{"start":{"line":861,"column":75},"end":{"line":866,"column":5}},"line":861},"99":{"name":"(anonymous_99)","decl":{"start":{"line":862,"column":24},"end":{"line":862,"column":25}},"loc":{"start":{"line":862,"column":38},"end":{"line":862,"column":98}},"line":862},"100":{"name":"(anonymous_100)","decl":{"start":{"line":862,"column":54},"end":{"line":862,"column":55}},"loc":{"start":{"line":862,"column":69},"end":{"line":862,"column":97}},"line":862},"101":{"name":"(anonymous_101)","decl":{"start":{"line":868,"column":43},"end":{"line":868,"column":44}},"loc":{"start":{"line":868,"column":79},"end":{"line":873,"column":5}},"line":868},"102":{"name":"(anonymous_102)","decl":{"start":{"line":875,"column":28},"end":{"line":875,"column":40}},"loc":{"start":{"line":875,"column":40},"end":{"line":877,"column":null}},"line":875},"103":{"name":"(anonymous_103)","decl":{"start":{"line":876,"column":23},"end":{"line":876,"column":24}},"loc":{"start":{"line":876,"column":37},"end":{"line":876,"column":54}},"line":876},"104":{"name":"(anonymous_104)","decl":{"start":{"line":879,"column":31},"end":{"line":879,"column":32}},"loc":{"start":{"line":879,"column":56},"end":{"line":888,"column":null}},"line":879},"105":{"name":"(anonymous_105)","decl":{"start":{"line":880,"column":23},"end":{"line":880,"column":24}},"loc":{"start":{"line":880,"column":37},"end":{"line":887,"column":5}},"line":880},"106":{"name":"(anonymous_106)","decl":{"start":{"line":885,"column":35},"end":{"line":885,"column":36}},"loc":{"start":{"line":885,"column":53},"end":{"line":885,"column":72}},"line":885},"107":{"name":"(anonymous_107)","decl":{"start":{"line":890,"column":27},"end":{"line":890,"column":28}},"loc":{"start":{"line":890,"column":72},"end":{"line":930,"column":null}},"line":890},"108":{"name":"(anonymous_108)","decl":{"start":{"line":901,"column":53},"end":{"line":901,"column":54}},"loc":{"start":{"line":901,"column":65},"end":{"line":901,"column":94}},"line":901},"109":{"name":"(anonymous_109)","decl":{"start":{"line":932,"column":29},"end":{"line":932,"column":41}},"loc":{"start":{"line":932,"column":41},"end":{"line":952,"column":null}},"line":932},"110":{"name":"(anonymous_110)","decl":{"start":{"line":962,"column":12},"end":{"line":962,"column":13}},"loc":{"start":{"line":962,"column":23},"end":{"line":962,"column":39}},"line":962},"111":{"name":"(anonymous_111)","decl":{"start":{"line":992,"column":37},"end":{"line":992,"column":38}},"loc":{"start":{"line":993,"column":18},"end":{"line":1010,"column":null}},"line":993},"112":{"name":"(anonymous_112)","decl":{"start":{"line":999,"column":32},"end":{"line":999,"column":33}},"loc":{"start":{"line":999,"column":43},"end":{"line":999,"column":null}},"line":999},"113":{"name":"(anonymous_113)","decl":{"start":{"line":1005,"column":31},"end":{"line":1005,"column":37}},"loc":{"start":{"line":1005,"column":37},"end":{"line":1005,"column":null}},"line":1005},"114":{"name":"(anonymous_114)","decl":{"start":{"line":1022,"column":26},"end":{"line":1022,"column":27}},"loc":{"start":{"line":1022,"column":37},"end":{"line":1022,"column":null}},"line":1022},"115":{"name":"(anonymous_115)","decl":{"start":{"line":1040,"column":46},"end":{"line":1040,"column":47}},"loc":{"start":{"line":1041,"column":20},"end":{"line":1050,"column":null}},"line":1041},"116":{"name":"(anonymous_116)","decl":{"start":{"line":1045,"column":31},"end":{"line":1045,"column":37}},"loc":{"start":{"line":1045,"column":37},"end":{"line":1045,"column":null}},"line":1045},"117":{"name":"(anonymous_117)","decl":{"start":{"line":1059,"column":28},"end":{"line":1059,"column":29}},"loc":{"start":{"line":1059,"column":39},"end":{"line":1059,"column":null}},"line":1059},"118":{"name":"(anonymous_118)","decl":{"start":{"line":1068,"column":32},"end":{"line":1068,"column":33}},"loc":{"start":{"line":1068,"column":43},"end":{"line":1068,"column":null}},"line":1068},"119":{"name":"(anonymous_119)","decl":{"start":{"line":1075,"column":47},"end":{"line":1075,"column":48}},"loc":{"start":{"line":1076,"column":20},"end":{"line":1085,"column":null}},"line":1076},"120":{"name":"(anonymous_120)","decl":{"start":{"line":1080,"column":31},"end":{"line":1080,"column":37}},"loc":{"start":{"line":1080,"column":37},"end":{"line":1080,"column":null}},"line":1080},"121":{"name":"(anonymous_121)","decl":{"start":{"line":1108,"column":40},"end":{"line":1108,"column":41}},"loc":{"start":{"line":1108,"column":55},"end":{"line":1127,"column":19}},"line":1108},"122":{"name":"(anonymous_122)","decl":{"start":{"line":1117,"column":87},"end":{"line":1117,"column":93}},"loc":{"start":{"line":1117,"column":93},"end":{"line":1117,"column":null}},"line":1117},"123":{"name":"(anonymous_123)","decl":{"start":{"line":1122,"column":89},"end":{"line":1122,"column":95}},"loc":{"start":{"line":1122,"column":95},"end":{"line":1122,"column":132}},"line":1122},"124":{"name":"(anonymous_124)","decl":{"start":{"line":1137,"column":47},"end":{"line":1137,"column":53}},"loc":{"start":{"line":1137,"column":53},"end":{"line":1137,"column":95}},"line":1137},"125":{"name":"(anonymous_125)","decl":{"start":{"line":1161,"column":23},"end":{"line":1161,"column":29}},"loc":{"start":{"line":1161,"column":29},"end":{"line":1161,"column":null}},"line":1161},"126":{"name":"(anonymous_126)","decl":{"start":{"line":1161,"column":50},"end":{"line":1161,"column":51}},"loc":{"start":{"line":1161,"column":63},"end":{"line":1161,"column":71}},"line":1161},"127":{"name":"(anonymous_127)","decl":{"start":{"line":1168,"column":23},"end":{"line":1168,"column":29}},"loc":{"start":{"line":1168,"column":29},"end":{"line":1168,"column":null}},"line":1168},"128":{"name":"(anonymous_128)","decl":{"start":{"line":1168,"column":51},"end":{"line":1168,"column":52}},"loc":{"start":{"line":1168,"column":64},"end":{"line":1168,"column":72}},"line":1168},"129":{"name":"(anonymous_129)","decl":{"start":{"line":1210,"column":45},"end":{"line":1210,"column":51}},"loc":{"start":{"line":1210,"column":51},"end":{"line":1210,"column":null}},"line":1210},"130":{"name":"(anonymous_130)","decl":{"start":{"line":1210,"column":60},"end":{"line":1210,"column":61}},"loc":{"start":{"line":1210,"column":74},"end":{"line":1210,"column":113}},"line":1210},"131":{"name":"(anonymous_131)","decl":{"start":{"line":1223,"column":28},"end":{"line":1223,"column":29}},"loc":{"start":{"line":1223,"column":39},"end":{"line":1223,"column":null}},"line":1223},"132":{"name":"(anonymous_132)","decl":{"start":{"line":1234,"column":28},"end":{"line":1234,"column":29}},"loc":{"start":{"line":1234,"column":39},"end":{"line":1234,"column":null}},"line":1234},"133":{"name":"(anonymous_133)","decl":{"start":{"line":1242,"column":25},"end":{"line":1242,"column":31}},"loc":{"start":{"line":1242,"column":31},"end":{"line":1242,"column":null}},"line":1242},"134":{"name":"(anonymous_134)","decl":{"start":{"line":1242,"column":53},"end":{"line":1242,"column":54}},"loc":{"start":{"line":1242,"column":66},"end":{"line":1242,"column":74}},"line":1242},"135":{"name":"(anonymous_135)","decl":{"start":{"line":1250,"column":48},"end":{"line":1250,"column":49}},"loc":{"start":{"line":1251,"column":22},"end":{"line":1255,"column":null}},"line":1251},"136":{"name":"(anonymous_136)","decl":{"start":{"line":1278,"column":34},"end":{"line":1278,"column":35}},"loc":{"start":{"line":1278,"column":53},"end":{"line":1306,"column":15}},"line":1278},"137":{"name":"(anonymous_137)","decl":{"start":{"line":1287,"column":33},"end":{"line":1287,"column":39}},"loc":{"start":{"line":1287,"column":39},"end":{"line":1287,"column":null}},"line":1287},"138":{"name":"(anonymous_138)","decl":{"start":{"line":1300,"column":55},"end":{"line":1300,"column":61}},"loc":{"start":{"line":1300,"column":61},"end":{"line":1300,"column":89}},"line":1300},"139":{"name":"(anonymous_139)","decl":{"start":{"line":1301,"column":55},"end":{"line":1301,"column":61}},"loc":{"start":{"line":1301,"column":61},"end":{"line":1301,"column":96}},"line":1301}},"branchMap":{"0":{"loc":{"start":{"line":89,"column":9},"end":{"line":89,"column":null}},"type":"binary-expr","locations":[{"start":{"line":89,"column":9},"end":{"line":89,"column":41}},{"start":{"line":89,"column":41},"end":{"line":89,"column":null}}],"line":89},"1":{"loc":{"start":{"line":93,"column":2},"end":{"line":95,"column":null}},"type":"if","locations":[{"start":{"line":93,"column":2},"end":{"line":95,"column":null}},{"start":{},"end":{}}],"line":93},"2":{"loc":{"start":{"line":114,"column":2},"end":{"line":116,"column":null}},"type":"if","locations":[{"start":{"line":114,"column":2},"end":{"line":116,"column":null}},{"start":{},"end":{}}],"line":114},"3":{"loc":{"start":{"line":114,"column":6},"end":{"line":114,"column":80}},"type":"binary-expr","locations":[{"start":{"line":114,"column":6},"end":{"line":114,"column":39}},{"start":{"line":114,"column":39},"end":{"line":114,"column":80}}],"line":114},"4":{"loc":{"start":{"line":121,"column":9},"end":{"line":127,"column":null}},"type":"binary-expr","locations":[{"start":{"line":121,"column":9},"end":{"line":121,"column":null}},{"start":{"line":122,"column":7},"end":{"line":127,"column":null}}],"line":121},"5":{"loc":{"start":{"line":123,"column":6},"end":{"line":126,"column":null}},"type":"binary-expr","locations":[{"start":{"line":123,"column":6},"end":{"line":123,"column":null}},{"start":{"line":124,"column":9},"end":{"line":124,"column":null}},{"start":{"line":125,"column":9},"end":{"line":125,"column":null}},{"start":{"line":126,"column":9},"end":{"line":126,"column":null}}],"line":123},"6":{"loc":{"start":{"line":132,"column":2},"end":{"line":134,"column":null}},"type":"if","locations":[{"start":{"line":132,"column":2},"end":{"line":134,"column":null}},{"start":{},"end":{}}],"line":132},"7":{"loc":{"start":{"line":132,"column":6},"end":{"line":132,"column":73}},"type":"binary-expr","locations":[{"start":{"line":132,"column":6},"end":{"line":132,"column":20}},{"start":{"line":132,"column":20},"end":{"line":132,"column":50}},{"start":{"line":132,"column":50},"end":{"line":132,"column":73}}],"line":132},"8":{"loc":{"start":{"line":137,"column":2},"end":{"line":139,"column":null}},"type":"if","locations":[{"start":{"line":137,"column":2},"end":{"line":139,"column":null}},{"start":{},"end":{}}],"line":137},"9":{"loc":{"start":{"line":137,"column":6},"end":{"line":137,"column":82}},"type":"binary-expr","locations":[{"start":{"line":137,"column":6},"end":{"line":137,"column":46}},{"start":{"line":137,"column":46},"end":{"line":137,"column":82}}],"line":137},"10":{"loc":{"start":{"line":151,"column":9},"end":{"line":151,"column":null}},"type":"cond-expr","locations":[{"start":{"line":151,"column":23},"end":{"line":151,"column":40}},{"start":{"line":151,"column":40},"end":{"line":151,"column":null}}],"line":151},"11":{"loc":{"start":{"line":155,"column":2},"end":{"line":157,"column":null}},"type":"if","locations":[{"start":{"line":155,"column":2},"end":{"line":157,"column":null}},{"start":{},"end":{}}],"line":155},"12":{"loc":{"start":{"line":160,"column":2},"end":{"line":162,"column":null}},"type":"if","locations":[{"start":{"line":160,"column":2},"end":{"line":162,"column":null}},{"start":{},"end":{}}],"line":160},"13":{"loc":{"start":{"line":160,"column":6},"end":{"line":160,"column":55}},"type":"binary-expr","locations":[{"start":{"line":160,"column":6},"end":{"line":160,"column":32}},{"start":{"line":160,"column":32},"end":{"line":160,"column":55}}],"line":160},"14":{"loc":{"start":{"line":164,"column":9},"end":{"line":164,"column":null}},"type":"cond-expr","locations":[{"start":{"line":164,"column":69},"end":{"line":164,"column":78}},{"start":{"line":164,"column":78},"end":{"line":164,"column":null}}],"line":164},"15":{"loc":{"start":{"line":185,"column":55},"end":{"line":185,"column":101}},"type":"binary-expr","locations":[{"start":{"line":185,"column":55},"end":{"line":185,"column":92}},{"start":{"line":185,"column":92},"end":{"line":185,"column":101}}],"line":185},"16":{"loc":{"start":{"line":212,"column":10},"end":{"line":212,"column":null}},"type":"binary-expr","locations":[{"start":{"line":212,"column":10},"end":{"line":212,"column":76}},{"start":{"line":212,"column":76},"end":{"line":212,"column":null}}],"line":212},"17":{"loc":{"start":{"line":216,"column":18},"end":{"line":216,"column":73}},"type":"cond-expr","locations":[{"start":{"line":216,"column":18},"end":{"line":216,"column":71}},{"start":{"line":216,"column":71},"end":{"line":216,"column":73}}],"line":216},"18":{"loc":{"start":{"line":221,"column":11},"end":{"line":221,"column":null}},"type":"cond-expr","locations":[{"start":{"line":221,"column":29},"end":{"line":221,"column":99}},{"start":{"line":221,"column":99},"end":{"line":221,"column":null}}],"line":221},"19":{"loc":{"start":{"line":235,"column":40},"end":{"line":235,"column":79}},"type":"binary-expr","locations":[{"start":{"line":235,"column":40},"end":{"line":235,"column":74}},{"start":{"line":235,"column":74},"end":{"line":235,"column":79}}],"line":235},"20":{"loc":{"start":{"line":242,"column":4},"end":{"line":248,"column":null}},"type":"if","locations":[{"start":{"line":242,"column":4},"end":{"line":248,"column":null}},{"start":{},"end":{}}],"line":242},"21":{"loc":{"start":{"line":244,"column":8},"end":{"line":246,"column":null}},"type":"binary-expr","locations":[{"start":{"line":244,"column":8},"end":{"line":244,"column":null}},{"start":{"line":245,"column":11},"end":{"line":245,"column":null}},{"start":{"line":246,"column":11},"end":{"line":246,"column":null}}],"line":244},"22":{"loc":{"start":{"line":250,"column":11},"end":{"line":250,"column":null}},"type":"binary-expr","locations":[{"start":{"line":250,"column":11},"end":{"line":250,"column":50}},{"start":{"line":250,"column":50},"end":{"line":250,"column":84}},{"start":{"line":250,"column":84},"end":{"line":250,"column":null}}],"line":250},"23":{"loc":{"start":{"line":264,"column":23},"end":{"line":264,"column":89}},"type":"cond-expr","locations":[{"start":{"line":264,"column":49},"end":{"line":264,"column":69}},{"start":{"line":264,"column":69},"end":{"line":264,"column":89}}],"line":264},"24":{"loc":{"start":{"line":273,"column":23},"end":{"line":273,"column":89}},"type":"cond-expr","locations":[{"start":{"line":273,"column":49},"end":{"line":273,"column":69}},{"start":{"line":273,"column":69},"end":{"line":273,"column":89}}],"line":273},"25":{"loc":{"start":{"line":281,"column":4},"end":{"line":283,"column":null}},"type":"if","locations":[{"start":{"line":281,"column":4},"end":{"line":283,"column":null}},{"start":{},"end":{}}],"line":281},"26":{"loc":{"start":{"line":292,"column":13},"end":{"line":292,"column":null}},"type":"cond-expr","locations":[{"start":{"line":292,"column":51},"end":{"line":292,"column":62}},{"start":{"line":292,"column":62},"end":{"line":292,"column":null}}],"line":292},"27":{"loc":{"start":{"line":297,"column":4},"end":{"line":299,"column":null}},"type":"if","locations":[{"start":{"line":297,"column":4},"end":{"line":299,"column":null}},{"start":{},"end":{}}],"line":297},"28":{"loc":{"start":{"line":297,"column":8},"end":{"line":297,"column":43}},"type":"binary-expr","locations":[{"start":{"line":297,"column":8},"end":{"line":297,"column":27}},{"start":{"line":297,"column":27},"end":{"line":297,"column":43}}],"line":297},"29":{"loc":{"start":{"line":306,"column":13},"end":{"line":306,"column":null}},"type":"cond-expr","locations":[{"start":{"line":306,"column":47},"end":{"line":306,"column":58}},{"start":{"line":306,"column":58},"end":{"line":306,"column":null}}],"line":306},"30":{"loc":{"start":{"line":312,"column":6},"end":{"line":314,"column":null}},"type":"if","locations":[{"start":{"line":312,"column":6},"end":{"line":314,"column":null}},{"start":{},"end":{}}],"line":312},"31":{"loc":{"start":{"line":317,"column":13},"end":{"line":317,"column":null}},"type":"cond-expr","locations":[{"start":{"line":317,"column":27},"end":{"line":317,"column":44}},{"start":{"line":317,"column":44},"end":{"line":317,"column":null}}],"line":317},"32":{"loc":{"start":{"line":322,"column":4},"end":{"line":324,"column":null}},"type":"if","locations":[{"start":{"line":322,"column":4},"end":{"line":324,"column":null}},{"start":{},"end":{}}],"line":322},"33":{"loc":{"start":{"line":326,"column":4},"end":{"line":328,"column":null}},"type":"if","locations":[{"start":{"line":326,"column":4},"end":{"line":328,"column":null}},{"start":{},"end":{}}],"line":326},"34":{"loc":{"start":{"line":332,"column":4},"end":{"line":334,"column":null}},"type":"if","locations":[{"start":{"line":332,"column":4},"end":{"line":334,"column":null}},{"start":{},"end":{}}],"line":332},"35":{"loc":{"start":{"line":339,"column":6},"end":{"line":341,"column":null}},"type":"if","locations":[{"start":{"line":339,"column":6},"end":{"line":341,"column":null}},{"start":{},"end":{}}],"line":339},"36":{"loc":{"start":{"line":339,"column":10},"end":{"line":339,"column":41}},"type":"binary-expr","locations":[{"start":{"line":339,"column":10},"end":{"line":339,"column":23}},{"start":{"line":339,"column":23},"end":{"line":339,"column":41}}],"line":339},"37":{"loc":{"start":{"line":373,"column":4},"end":{"line":375,"column":null}},"type":"if","locations":[{"start":{"line":373,"column":4},"end":{"line":375,"column":null}},{"start":{},"end":{}}],"line":373},"38":{"loc":{"start":{"line":378,"column":4},"end":{"line":384,"column":null}},"type":"if","locations":[{"start":{"line":378,"column":4},"end":{"line":384,"column":null}},{"start":{},"end":{}}],"line":378},"39":{"loc":{"start":{"line":378,"column":8},"end":{"line":378,"column":75}},"type":"binary-expr","locations":[{"start":{"line":378,"column":8},"end":{"line":378,"column":27}},{"start":{"line":378,"column":27},"end":{"line":378,"column":75}}],"line":378},"40":{"loc":{"start":{"line":400,"column":4},"end":{"line":402,"column":null}},"type":"if","locations":[{"start":{"line":400,"column":4},"end":{"line":402,"column":null}},{"start":{},"end":{}}],"line":400},"41":{"loc":{"start":{"line":405,"column":4},"end":{"line":407,"column":null}},"type":"if","locations":[{"start":{"line":405,"column":4},"end":{"line":407,"column":null}},{"start":{},"end":{}}],"line":405},"42":{"loc":{"start":{"line":424,"column":8},"end":{"line":426,"column":null}},"type":"cond-expr","locations":[{"start":{"line":425,"column":12},"end":{"line":425,"column":null}},{"start":{"line":426,"column":12},"end":{"line":426,"column":null}}],"line":424},"43":{"loc":{"start":{"line":456,"column":6},"end":{"line":458,"column":null}},"type":"if","locations":[{"start":{"line":456,"column":6},"end":{"line":458,"column":null}},{"start":{},"end":{}}],"line":456},"44":{"loc":{"start":{"line":456,"column":10},"end":{"line":456,"column":40}},"type":"binary-expr","locations":[{"start":{"line":456,"column":10},"end":{"line":456,"column":24}},{"start":{"line":456,"column":24},"end":{"line":456,"column":40}}],"line":456},"45":{"loc":{"start":{"line":465,"column":4},"end":{"line":467,"column":null}},"type":"if","locations":[{"start":{"line":465,"column":4},"end":{"line":467,"column":null}},{"start":{},"end":{}}],"line":465},"46":{"loc":{"start":{"line":469,"column":4},"end":{"line":471,"column":null}},"type":"if","locations":[{"start":{"line":469,"column":4},"end":{"line":471,"column":null}},{"start":{},"end":{}}],"line":469},"47":{"loc":{"start":{"line":478,"column":4},"end":{"line":481,"column":null}},"type":"if","locations":[{"start":{"line":478,"column":4},"end":{"line":481,"column":null}},{"start":{},"end":{}}],"line":478},"48":{"loc":{"start":{"line":483,"column":27},"end":{"line":483,"column":null}},"type":"binary-expr","locations":[{"start":{"line":483,"column":27},"end":{"line":483,"column":45}},{"start":{"line":483,"column":45},"end":{"line":483,"column":62}},{"start":{"line":483,"column":62},"end":{"line":483,"column":null}}],"line":483},"49":{"loc":{"start":{"line":484,"column":4},"end":{"line":487,"column":null}},"type":"if","locations":[{"start":{"line":484,"column":4},"end":{"line":487,"column":null}},{"start":{},"end":{}}],"line":484},"50":{"loc":{"start":{"line":484,"column":8},"end":{"line":484,"column":58}},"type":"binary-expr","locations":[{"start":{"line":484,"column":8},"end":{"line":484,"column":27}},{"start":{"line":484,"column":27},"end":{"line":484,"column":58}}],"line":484},"51":{"loc":{"start":{"line":493,"column":4},"end":{"line":495,"column":null}},"type":"if","locations":[{"start":{"line":493,"column":4},"end":{"line":495,"column":null}},{"start":{},"end":{}}],"line":493},"52":{"loc":{"start":{"line":493,"column":9},"end":{"line":493,"column":98}},"type":"binary-expr","locations":[{"start":{"line":493,"column":9},"end":{"line":493,"column":31}},{"start":{"line":493,"column":31},"end":{"line":493,"column":54}},{"start":{"line":493,"column":54},"end":{"line":493,"column":68}},{"start":{"line":493,"column":68},"end":{"line":493,"column":82}},{"start":{"line":493,"column":82},"end":{"line":493,"column":98}}],"line":493},"53":{"loc":{"start":{"line":498,"column":4},"end":{"line":500,"column":null}},"type":"if","locations":[{"start":{"line":498,"column":4},"end":{"line":500,"column":null}},{"start":{},"end":{}}],"line":498},"54":{"loc":{"start":{"line":516,"column":4},"end":{"line":518,"column":null}},"type":"if","locations":[{"start":{"line":516,"column":4},"end":{"line":518,"column":null}},{"start":{},"end":{}}],"line":516},"55":{"loc":{"start":{"line":520,"column":28},"end":{"line":524,"column":null}},"type":"cond-expr","locations":[{"start":{"line":521,"column":8},"end":{"line":521,"column":null}},{"start":{"line":522,"column":8},"end":{"line":524,"column":null}}],"line":520},"56":{"loc":{"start":{"line":522,"column":8},"end":{"line":524,"column":null}},"type":"cond-expr","locations":[{"start":{"line":523,"column":10},"end":{"line":523,"column":null}},{"start":{"line":524,"column":10},"end":{"line":524,"column":null}}],"line":522},"57":{"loc":{"start":{"line":526,"column":4},"end":{"line":537,"column":null}},"type":"if","locations":[{"start":{"line":526,"column":4},"end":{"line":537,"column":null}},{"start":{},"end":{}}],"line":526},"58":{"loc":{"start":{"line":545,"column":28},"end":{"line":545,"column":null}},"type":"binary-expr","locations":[{"start":{"line":545,"column":28},"end":{"line":545,"column":62}},{"start":{"line":545,"column":62},"end":{"line":545,"column":null}}],"line":
[...]
"line":304,"column":null}},{"start":{},"end":{}}],"line":302},"27":{"loc":{"start":{"line":307,"column":27},"end":{"line":307,"column":null}},"type":"binary-expr","locations":[{"start":{"line":307,"column":27},"end":{"line":307,"column":45}},{"start":{"line":307,"column":45},"end":{"line":307,"column":62}},{"start":{"line":307,"column":62},"end":{"line":307,"column":null}}],"line":307},"28":{"loc":{"start":{"line":310,"column":4},"end":{"line":320,"column":null}},"type":"if","locations":[{"start":{"line":310,"column":4},"end":{"line":320,"column":null}},{"start":{"line":316,"column":4},"end":{"line":320,"column":null}}],"line":310},"29":{"loc":{"start":{"line":311,"column":6},"end":{"line":315,"column":null}},"type":"if","locations":[{"start":{"line":311,"column":6},"end":{"line":315,"column":null}},{"start":{"line":313,"column":13},"end":{"line":315,"column":null}}],"line":311},"30":{"loc":{"start":{"line":316,"column":4},"end":{"line":320,"column":null}},"type":"if","locations":[{"start":{"line":316,"column":4},"end":{"line":320,"column":null}},{"start":{"line":318,"column":11},"end":{"line":320,"column":null}}],"line":316},"31":{"loc":{"start":{"line":323,"column":4},"end":{"line":326,"column":null}},"type":"if","locations":[{"start":{"line":323,"column":4},"end":{"line":326,"column":null}},{"start":{},"end":{}}],"line":323},"32":{"loc":{"start":{"line":330,"column":4},"end":{"line":332,"column":null}},"type":"if","locations":[{"start":{"line":330,"column":4},"end":{"line":332,"column":null}},{"start":{},"end":{}}],"line":330},"33":{"loc":{"start":{"line":334,"column":4},"end":{"line":338,"column":null}},"type":"if","locations":[{"start":{"line":334,"column":4},"end":{"line":338,"column":null}},{"start":{},"end":{}}],"line":334},"34":{"loc":{"start":{"line":341,"column":4},"end":{"line":345,"column":null}},"type":"if","locations":[{"start":{"line":341,"column":4},"end":{"line":345,"column":null}},{"start":{},"end":{}}],"line":341},"35":{"loc":{"start":{"line":351,"column":6},"end":{"line":353,"column":null}},"type":"if","locations":[{"start":{"line":351,"column":6},"end":{"line":353,"column":null}},{"start":{},"end":{}}],"line":351}},"s":{"0":1,"1":1,"2":1,"3":8,"4":4,"5":129,"6":498,"7":2,"8":2,"9":1,"10":1,"11":1,"12":129,"13":129,"14":249,"15":249,"16":129,"17":1,"18":1,"19":1,"20":1,"21":2,"22":2,"23":2,"24":2,"25":2,"26":2,"27":2,"28":2,"29":8,"30":4,"31":4,"32":4,"33":4,"34":2,"35":2,"36":2,"37":1,"38":1,"39":1,"40":1,"41":116,"42":116,"43":116,"44":116,"45":15,"46":2,"47":13,"48":116,"49":79,"50":77,"51":2,"52":1,"53":1,"54":0,"55":1,"56":1,"57":0,"58":1,"59":1,"60":1,"61":0,"62":1,"63":1,"64":1,"65":1,"66":1,"67":1,"68":1,"69":1,"70":0,"71":1,"72":1,"73":1,"74":1,"75":1,"76":1,"77":1,"78":1,"79":0,"80":1,"81":1,"82":2,"83":1,"84":1,"85":1,"86":1,"87":1,"88":1,"89":1,"90":1,"91":1,"92":1,"93":1,"94":1,"95":1,"96":1,"97":0,"98":1,"99":1,"100":1,"101":1,"102":2,"103":2,"104":2,"105":2,"106":2,"107":2,"108":2,"109":116,"110":1,"111":0,"112":1,"113":1,"114":0,"115":1,"116":1,"117":1,"118":0,"119":0,"120":0,"121":0,"122":1,"123":0,"124":1,"125":1,"126":1,"127":0,"128":0,"129":1,"130":6,"131":1,"132":1,"133":0,"134":1,"135":0,"136":0,"137":0,"138":1,"139":1,"140":1,"141":0,"142":0,"143":0,"144":1,"145":1,"146":1,"147":1,"148":0,"149":1,"150":1,"151":1,"152":1,"153":1,"154":116},"f":{"0":8,"1":4,"2":129,"3":498,"4":2,"5":129,"6":249,"7":1,"8":1,"9":1,"10":2,"11":2,"12":8,"13":1,"14":1,"15":116,"16":15,"17":79,"18":1,"19":1,"20":1,"21":1,"22":1,"23":2,"24":1,"25":0,"26":6,"27":1},"b":{"0":[498,395],"1":[2,0],"2":[1,1],"3":[1,1],"4":[1,1],"5":[4,4],"6":[8,8,6],"7":[2,2],"8":[4,2,0,0],"9":[2,13],"10":[77,2],"11":[0,1],"12":[0,1],"13":[0,1],"14":[1,1],"15":[0,1],"16":[1,0],"17":[1,1,0],"18":[0,1],"19":[1,0],"20":[1,0],"21":[1,0],"22":[1,0],"23":[1,0],"24":[0,1],"25":[0,1],"26":[0,1],"27":[1,1,1],"28":[0,1],"29":[0,0],"30":[0,1],"31":[0,1],"32":[0,1],"33":[0,1],"34":[0,1],"35":[0,1]},"meta":{"lastBranch":36,"lastFunction":28,"lastStatement":155,"seen":{"s:11:24:11:Infinity":0,"s:12:27:12:Infinity":1,"s:13:32:13:Infinity":2,"f:52:9:52:23":0,"s:53:2:53:Infinity":3,"f:56:9:56:25":1,"s:57:2:57:Infinity":4,"f:60:9:60:44":2,"s:61:2:64:Infinity":5,"f:67:9:67:30":3,"s:68:2:68:Infinity":6,"b:68:27:68:54:68:54:68:59":0,"f:71:9:71:30":4,"s:72:8:72:Infinity":7,"b:72:21:72:48:72:48:72:53":1,"b:73:2:76:Infinity:undefined:undefined:undefined:undefined":2,"s:73:2:76:Infinity":8,"s:74:4:74:Infinity":9,"s:75:4:75:Infinity":10,"s:78:2:78:Infinity":11,"f:81:9:81:27":5,"s:82:17:82:Infinity":12,"s:83:2:86:Infinity":13,"f:83:16:83:17":6,"s:84:4:84:Infinity":14,"s:85:4:85:Infinity":15,"s:87:2:87:Infinity":16,"f:90:9:90:27":7,"s:91:2:94:Infinity":17,"f:97:9:97:27":8,"s:98:2:101:Infinity":18,"f:98:31:98:32":9,"s:99:4:99:Infinity":19,"s:100:4:100:Infinity":20,"f:104:9:104:Infinity":10,"s:109:33:109:Infinity":21,"s:110:21:110:Infinity":22,"s:112:2:133:Infinity":23,"f:112:31:112:32":11,"s:113:19:113:Infinity":24,"b:113:34:113:43:113:43:113:Infinity":3,"s:114:21:114:Infinity":25,"b:114:36:114:53:114:53:114:Infinity":4,"s:115:20:115:Infinity":26,"s:116:20:116:Infinity":27,"s:118:4:132:Infinity":28,"f:118:20:118:21":12,"b:119:6:121:Infinity:undefined:undefined:undefined:undefined":5,"s:119:6:121:Infinity":29,"b:119:10:119:24:119:24:119:44:119:44:119:62":6,"s:120:8:120:Infinity":30,"s:123:20:123:Infinity":31,"s:124:23:124:Infinity":32,"b:125:6:131:Infinity:undefined:undefined:undefined:undefined":7,"s:125:6:131:Infinity":33,"b:126:8:126:Infinity:127:12:127:41:127:41:127:63:127:63:127:Infinity":8,"s:129:8:129:Infinity":34,"s:130:8:130:Infinity":35,"s:135:2:135:Infinity":36,"f:138:9:138:Infinity":13,"s:143:54:143:Infinity":37,"s:145:2:151:Infinity":38,"f:145:32:145:33":14,"s:146:4:150:Infinity":39,"s:153:2:153:Infinity":40,"f:156:16:156:28":15,"s:164:34:164:Infinity":41,"s:165:8:165:Infinity":42,"s:166:8:166:Infinity":43,"s:168:2:174:Infinity":44,"f:168:12:168:18":16,"b:169:4:171:Infinity:undefined:undefined:undefined:undefined":9,"s:169:4:171:Infinity":45,"s:170:6:170:Infinity":46,"s:173:4:173:Infinity":47,"s:176:2:291:Infinity":48,"f:176:12:176:18":17,"b:177:4:179:Infinity:undefined:undefined:undefined:undefined":10,"s:177:4:179:Infinity":49,"s:178:6:178:Infinity":50,"s:181:30:239:Infinity":51,"f:181:30:181:31":18,"s:182:24:182:Infinity":52,"b:183:6:185:Infinity:undefined:undefined:undefined:undefined":11,"s:183:6:185:Infinity":53,"s:184:8:184:Infinity":54,"s:187:20:187:Infinity":55,"b:188:6:190:Infinity:undefined:undefined:undefined:undefined":12,"s:188:6:190:Infinity":56,"s:189:8:189:Infinity":57,"s:192:27:192:Infinity":58,"s:193:27:193:Infinity":59,"b:194:6:199:Infinity:undefined:undefined:undefined:undefined":13,"s:194:6:199:Infinity":60,"b:195:8:195:Infinity:196:11:196:Infinity":14,"s:198:8:198:Infinity":61,"s:201:21:201:Infinity":62,"s:202:21:202:Infinity":63,"s:204:6:238:Infinity":64,"f:204:16:204:17":19,"s:205:22:205:Infinity":65,"s:206:34:206:Infinity":66,"s:208:8:227:Infinity":67,"s:209:24:209:Infinity":68,"b:210:10:212:Infinity:undefined:undefined:undefined:undefined":15,"s:210:10:212:Infinity":69,"s:211:12:211:Infinity":70,"s:214:24:214:Infinity":71,"s:215:24:215:Infinity":72,"s:216:26:216:Infinity":73,"b:218:10:226:Infinity:undefined:undefined:undefined:undefined":16,"s:218:10:226:Infinity":74,"b:218:14:218:26:218:26:218:49:218:49:218:70":17,"s:219:12:219:Infinity":75,"s:220:12:224:Infinity":76,"s:225:12:225:Infinity":77,"b:229:8:231:Infinity:undefined:undefined:undefined:undefined":18,"s:229:8:231:Infinity":78,"s:230:10:230:Infinity":79,"s:233:8:233:Infinity":80,"s:234:8:237:Infinity":81,"s:241:27:280:Infinity":82,"f:241:27:241:39":20,"s:242:24:242:Infinity":83,"s:243:6:243:Infinity":84,"s:244:6:244:Infinity":85,"b:246:6:279:Infinity:undefined:undefined:undefined:undefined":19,"s:246:6:279:Infinity":86,"s:247:29:247:Infinity":87,"s:248:8:248:Infinity":88,"s:250:27:250:Infinity":89,"b:250:27:250:99:250:99:250:Infinity":20,"s:251:27:251:Infinity":90,"b:251:27:251:101:251:101:251:Infinity":21,"s:252:24:252:Infinity":91,"b:252:24:252:44:252:44:252:Infinity":22,"s:253:27:255:Infinity":92,"b:254:12:254:Infinity:255:12:255:Infinity":23,"s:257:65:257:Infinity":93,"s:258:8:268:Infinity":94,"f:258:34:258:35":21,"s:259:23:259:Infinity":95,"b:260:10:262:Infinity:undefined:undefined:undefined:undefined":24,"s:260:10:262:Infinity":96,"s:261:12:261:Infinity":97,"s:264:10:267:Infinity":98,"s:270:8:277:Infinity":99,"f:270:18:270:19":22,"s:270:33:277:10":100,"s:278:8:278:Infinity":101,"s:282:4:282:Infinity":102,"s:283:4:283:Infinity":103,"s:284:4:284:Infinity":104,"s:286:4:290:Infinity":105,"f:286:11:286:17":23,"s:287:6:287:Infinity":106,"s:288:6:288:Infinity":107,"s:289:6:289:Infinity":108,"s:293:32:376:Infinity":109,"f:293:32:293:Infinity":24,"b:297:4:299:Infinity:undefined:undefined:undefined:undefined":25,"s:297:4:299:Infinity":110,"s:298:6:298:Infinity":111,"s:301:18:301:Infinity":112,"b:302:4:304:Infinity:undefined:undefined:undefined:undefined":26,"s:302:4:304:Infinity":113,"s:303:6:303:Infinity":114,"s:306:24:306:Infinity":115,"s:307:27:307:Infinity":116,"b:307:27:307:45:307:45:307:62:307:62:307:Infinity":27,"b:310:4:320:Infinity:316:4:320:Infinity":28,"s:310:4:320:Infinity":117,"b:311:6:315:Infinity:313:13:315:Infinity":29,"s:311:6:315:Infinity":118,"s:312:8:312:Infinity":119,"f:312:47:312:48":25,"s:312:55:312:68":120,"s:314:8:314:Infinity":121,"b:316:4:320:Infinity:318:11:320:Infinity":30,"s:316:4:320:Infinity":122,"s:317:6:317:Infinity":123,"s:319:6:319:Infinity":124,"s:322:4:322:Infinity":125,"b:323:4:326:Infinity:undefined:undefined:undefined:undefined":31,"s:323:4:326:Infinity":126,"s:324:6:324:Infinity":127,"s:325:6:325:Infinity":128,"s:328:20:328:Infinity":129,"f:328:43:328:44":26,"s:328:53:328:68":130,"s:329:24:329:Infinity":131,"b:330:4:332:Infinity:undefined:undefined:undefined:undefined":32,"s:330:4:332:Infinity":132,"s:331:6:331:Infinity":133,"b:334:4:338:Infinity:undefined:undefined:undefined:undefined":33,"s:334:4:338:Infinity":134,"s:335:6:335:Infinity":135,"s:336:6:336:Infinity":136,"s:337:6:337:Infinity":137,"s:340:29:340:Infinity":138,"f:340:50:340:51":27,"s:340:66:340:110":139,"b:341:4:345:Infinity:undefined:undefined:undefined:undefined":34,"s:341:4:345:Infinity":140,"s:342:6:342:Infinity":141,"s:343:6:343:Infinity":142,"s:344:6:344:Infinity":143,"s:347:56:347:Infinity":144,"s:349:4:360:Infinity":145,"s:350:19:350:Infinity":146,"b:351:6:353:Infinity:undefined:undefined:undefined:undefined":35,"s:351:6:353:Infinity":147,"s:352:8:352:Infinity":148,"s:354:6:359:Infinity":149,"s:362:4:371:Infinity":150,"s:373:4:373:Infinity":151,"s:374:4:374:Infinity":152,"s:375:4:375:Infinity":153,"s:378:2:381:Infinity":154}}}
,"/workspaces/hadith-graph-app/src/hooks/useNodeResize.ts": {"path":"/workspaces/hadith-graph-app/src/hooks/useNodeResize.ts","statementMap":{"0":{"start":{"line":42,"column":34},"end":{"line":42,"column":null}},"1":{"start":{"line":43,"column":8},"end":{"line":43,"column":null}},"2":{"start":{"line":45,"column":2},"end":{"line":116,"column":null}},"3":{"start":{"line":46,"column":4},"end":{"line":48,"column":null}},"4":{"start":{"line":47,"column":6},"end":{"line":47,"column":null}},"5":{"start":{"line":50,"column":30},"end":{"line":91,"column":null}},"6":{"start":{"line":51,"column":26},"end":{"line":51,"column":null}},"7":{"start":{"line":52,"column":6},"end":{"line":54,"column":null}},"8":{"start":{"line":53,"column":8},"end":{"line":53,"column":null}},"9":{"start":{"line":56,"column":20},"end":{"line":56,"column":null}},"10":{"start":{"line":57,"column":6},"end":{"line":59,"column":null}},"11":{"start":{"line":58,"column":8},"end":{"line":58,"column":null}},"12":{"start":{"line":61,"column":26},"end":{"line":61,"column":null}},"13":{"start":{"line":62,"column":27},"end":{"line":62,"column":null}},"14":{"start":{"line":64,"column":22},"end":{"line":64,"column":null}},"15":{"start":{"line":66,"column":6},"end":{"line":70,"column":null}},"16":{"start":{"line":67,"column":8},"end":{"line":67,"column":null}},"17":{"start":{"line":69,"column":8},"end":{"line":69,"column":null}},"18":{"start":{"line":72,"column":6},"end":{"line":90,"column":null}},"19":{"start":{"line":73,"column":29},"end":{"line":73,"column":null}},"20":{"start":{"line":74,"column":8},"end":{"line":76,"column":null}},"21":{"start":{"line":75,"column":10},"end":{"line":75,"column":null}},"22":{"start":{"line":78,"column":34},"end":{"line":78,"column":null}},"23":{"start":{"line":79,"column":8},"end":{"line":79,"column":null}},"24":{"start":{"line":81,"column":8},"end":{"line":81,"column":null}},"25":{"start":{"line":82,"column":8},"end":{"line":89,"column":null}},"26":{"start":{"line":93,"column":27},"end":{"line":105,"column":null}},"27":{"start":{"line":94,"column":26},"end":{"line":94,"column":null}},"28":{"start":{"line":95,"column":6},"end":{"line":95,"column":null}},"29":{"start":{"line":96,"column":6},"end":{"line":96,"column":null}},"30":{"start":{"line":98,"column":6},"end":{"line":104,"column":null}},"31":{"start":{"line":99,"column":8},"end":{"line":102,"column":null}},"32":{"start":{"line":99,"column":33},"end":{"line":102,"column":10}},"33":{"start":{"line":103,"column":8},"end":{"line":103,"column":null}},"34":{"start":{"line":107,"column":4},"end":{"line":107,"column":null}},"35":{"start":{"line":108,"column":4},"end":{"line":108,"column":null}},"36":{"start":{"line":109,"column":4},"end":{"line":109,"column":null}},"37":{"start":{"line":111,"column":4},"end":{"line":115,"column":null}},"38":{"start":{"line":112,"column":6},"end":{"line":112,"column":null}},"39":{"start":{"line":113,"column":6},"end":{"line":113,"column":null}},"40":{"start":{"line":114,"column":6},"end":{"line":114,"column":null}},"41":{"start":{"line":118,"column":34},"end":{"line":139,"column":null}},"42":{"start":{"line":123,"column":4},"end":{"line":125,"column":null}},"43":{"start":{"line":124,"column":6},"end":{"line":124,"column":null}},"44":{"start":{"line":127,"column":4},"end":{"line":133,"column":null}},"45":{"start":{"line":135,"column":4},"end":{"line":135,"column":null}},"46":{"start":{"line":136,"column":4},"end":{"line":136,"column":null}},"47":{"start":{"line":137,"column":4},"end":{"line":137,"column":null}},"48":{"start":{"line":138,"column":4},"end":{"line":138,"column":null}},"49":{"start":{"line":141,"column":2},"end":{"line":144,"column":null}}},"fnMap":{"0":{"name":"useNodeResize","decl":{"start":{"line":36,"column":16},"end":{"line":36,"column":30}},"loc":{"start":{"line":41,"column":45},"end":{"line":145,"column":null}},"line":41},"1":{"name":"(anonymous_1)","decl":{"start":{"line":45,"column":12},"end":{"line":45,"column":18}},"loc":{"start":{"line":45,"column":18},"end":{"line":116,"column":5}},"line":45},"2":{"name":"(anonymous_2)","decl":{"start":{"line":50,"column":30},"end":{"line":50,"column":31}},"loc":{"start":{"line":50,"column":61},"end":{"line":91,"column":null}},"line":50},"3":{"name":"(anonymous_3)","decl":{"start":{"line":72,"column":16},"end":{"line":72,"column":17}},"loc":{"start":{"line":72,"column":30},"end":{"line":90,"column":7}},"line":72},"4":{"name":"(anonymous_4)","decl":{"start":{"line":93,"column":27},"end":{"line":93,"column":39}},"loc":{"start":{"line":93,"column":39},"end":{"line":105,"column":null}},"line":93},"5":{"name":"(anonymous_5)","decl":{"start":{"line":99,"column":18},"end":{"line":99,"column":19}},"loc":{"start":{"line":99,"column":33},"end":{"line":102,"column":10}},"line":99},"6":{"name":"(anonymous_6)","decl":{"start":{"line":111,"column":11},"end":{"line":111,"column":17}},"loc":{"start":{"line":111,"column":17},"end":{"line":115,"column":null}},"line":111},"7":{"name":"(anonymous_7)","decl":{"start":{"line":118,"column":34},"end":{"line":118,"column":null}},"loc":{"start":{"line":122,"column":13},"end":{"line":139,"column":null}},"line":122}},"branchMap":{"0":{"loc":{"start":{"line":46,"column":4},"end":{"line":48,"column":null}},"type":"if","locations":[{"start":{"line":46,"column":4},"end":{"line":48,"column":null}},{"start":{},"end":{}}],"line":46},"1":{"loc":{"start":{"line":52,"column":6},"end":{"line":54,"column":null}},"type":"if","locations":[{"start":{"line":52,"column":6},"end":{"line":54,"column":null}},{"start":{},"end":{}}],"line":52},"2":{"loc":{"start":{"line":57,"column":6},"end":{"line":59,"column":null}},"type":"if","locations":[{"start":{"line":57,"column":6},"end":{"line":59,"column":null}},{"start":{},"end":{}}],"line":57},"3":{"loc":{"start":{"line":66,"column":6},"end":{"line":70,"column":null}},"type":"if","locations":[{"start":{"line":66,"column":6},"end":{"line":70,"column":null}},{"start":{"line":68,"column":13},"end":{"line":70,"column":null}}],"line":66},"4":{"loc":{"start":{"line":74,"column":8},"end":{"line":76,"column":null}},"type":"if","locations":[{"start":{"line":74,"column":8},"end":{"line":76,"column":null}},{"start":{},"end":{}}],"line":74},"5":{"loc":{"start":{"line":98,"column":6},"end":{"line":104,"column":null}},"type":"if","locations":[{"start":{"line":98,"column":6},"end":{"line":104,"column":null}},{"start":{},"end":{}}],"line":98},"6":{"loc":{"start":{"line":123,"column":4},"end":{"line":125,"column":null}},"type":"if","locations":[{"start":{"line":123,"column":4},"end":{"line":125,"column":null}},{"start":{},"end":{}}],"line":123},"7":{"loc":{"start":{"line":123,"column":8},"end":{"line":123,"column":52}},"type":"binary-expr","locations":[{"start":{"line":123,"column":8},"end":{"line":123,"column":30}},{"start":{"line":123,"column":30},"end":{"line":123,"column":52}}],"line":123}},"s":{"0":126,"1":126,"2":126,"3":89,"4":84,"5":5,"6":2,"7":2,"8":0,"9":2,"10":2,"11":0,"12":2,"13":2,"14":2,"15":2,"16":1,"17":1,"18":2,"19":2,"20":2,"21":0,"22":2,"23":2,"24":2,"25":2,"26":5,"27":2,"28":2,"29":2,"30":2,"31":1,"32":1,"33":1,"34":5,"35":5,"36":5,"37":5,"38":5,"39":5,"40":5,"41":126,"42":5,"43":2,"44":3,"45":3,"46":3,"47":3,"48":3,"49":126},"f":{"0":126,"1":89,"2":2,"3":2,"4":2,"5":1,"6":5,"7":5},"b":{"0":[84,5],"1":[0,2],"2":[0,2],"3":[1,1],"4":[0,2],"5":[1,1],"6":[2,3],"7":[5,4]},"meta":{"lastBranch":8,"lastFunction":8,"lastStatement":50,"seen":{"f:36:16:36:30":0,"s:42:34:42:Infinity":0,"s:43:8:43:Infinity":1,"s:45:2:116:Infinity":2,"f:45:12:45:18":1,"b:46:4:48:Infinity:undefined:undefined:undefined:undefined":0,"s:46:4:48:Infinity":3,"s:47:6:47:Infinity":4,"s:50:30:91:Infinity":5,"f:50:30:50:31":2,"s:51:26:51:Infinity":6,"b:52:6:54:Infinity:undefined:undefined:undefined:undefined":1,"s:52:6:54:Infinity":7,"s:53:8:53:Infinity":8,"s:56:20:56:Infinity":9,"b:57:6:59:Infinity:undefined:undefined:undefined:undefined":2,"s:57:6:59:Infinity":10,"s:58:8:58:Infinity":11,"s:61:26:61:Infinity":12,"s:62:27:62:Infinity":13,"s:64:22:64:Infinity":14,"b:66:6:70:Infinity:68:13:70:Infinity":3,"s:66:6:70:Infinity":15,"s:67:8:67:Infinity":16,"s:69:8:69:Infinity":17,"s:72:6:90:Infinity":18,"f:72:16:72:17":3,"s:73:29:73:Infinity":19,"b:74:8:76:Infinity:undefined:undefined:undefined:undefined":4,"s:74:8:76:Infinity":20,"s:75:10:75:Infinity":21,"s:78:34:78:Infinity":22,"s:79:8:79:Infinity":23,"s:81:8:81:Infinity":24,"s:82:8:89:Infinity":25,"s:93:27:105:Infinity":26,"f:93:27:93:39":4,"s:94:26:94:Infinity":27,"s:95:6:95:Infinity":28,"s:96:6:96:Infinity":29,"b:98:6:104:Infinity:undefined:undefined:undefined:undefined":5,"s:98:6:104:Infinity":30,"s:99:8:102:Infinity":31,"f:99:18:99:19":5,"s:99:33:102:10":32,"s:103:8:103:Infinity":33,"s:107:4:107:Infinity":34,"s:108:4:108:Infinity":35,"s:109:4:109:Infinity":36,"s:111:4:115:Infinity":37,"f:111:11:111:17":6,"s:112:6:112:Infinity":38,"s:113:6:113:Infinity":39,"s:114:6:114:Infinity":40,"s:118:34:139:Infinity":41,"f:118:34:118:Infinity":7,"b:123:4:125:Infinity:undefined:undefined:undefined:undefined":6,"s:123:4:125:Infinity":42,"b:123:8:123:30:123:30:123:52":7,"s:124:6:124:Infinity":43,"s:127:4:133:Infinity":44,"s:135:4:135:Infinity":45,"s:136:4:136:Infinity":46,"s:137:4:137:Infinity":47,"s:138:4:138:Infinity":48,"s:141:2:144:Infinity":49}}}
}
